[2020-03-27 19:16:26] local.ERROR: Failed to authenticate on SMTP server with username "exprotest3@gmail.com" using 3 possible authenticators. Authenticator LOGIN returned Expected response code 235 but got code "535", with message "535-5.7.8 Username and Password not accepted. Learn more at
535 5.7.8  https://support.google.com/mail/?p=BadCredentials t21sm9074296wmt.43 - gsmtp
". Authenticator PLAIN returned Expected response code 235 but got code "535", with message "535-5.7.8 Username and Password not accepted. Learn more at
535 5.7.8  https://support.google.com/mail/?p=BadCredentials t21sm9074296wmt.43 - gsmtp
". Authenticator XOAUTH2 returned Expected response code 250 but got code "535", with message "535-5.7.8 Username and Password not accepted. Learn more at
535 5.7.8  https://support.google.com/mail/?p=BadCredentials t21sm9074296wmt.43 - gsmtp
". {"exception":"[object] (Swift_TransportException(code: 0): Failed to authenticate on SMTP server with username \"exprotest3@gmail.com\" using 3 possible authenticators. Authenticator LOGIN returned Expected response code 235 but got code \"535\", with message \"535-5.7.8 Username and Password not accepted. Learn more at
535 5.7.8  https://support.google.com/mail/?p=BadCredentials t21sm9074296wmt.43 - gsmtp
\". Authenticator PLAIN returned Expected response code 235 but got code \"535\", with message \"535-5.7.8 Username and Password not accepted. Learn more at
535 5.7.8  https://support.google.com/mail/?p=BadCredentials t21sm9074296wmt.43 - gsmtp
\". Authenticator XOAUTH2 returned Expected response code 250 but got code \"535\", with message \"535-5.7.8 Username and Password not accepted. Learn more at
535 5.7.8  https://support.google.com/mail/?p=BadCredentials t21sm9074296wmt.43 - gsmtp
\". at C:\\xampp\\htdocs\\worketic-11\\codecanyon-23712284-worketic-market-place-for-freelancers\\worketic\\vendor\\swiftmailer\\swiftmailer\\lib\\classes\\Swift\\Transport\\Esmtp\\AuthHandler.php:191)
[stacktrace]
#0 C:\\xampp\\htdocs\\worketic-11\\codecanyon-23712284-worketic-market-place-for-freelancers\\worketic\\vendor\\swiftmailer\\swiftmailer\\lib\\classes\\Swift\\Transport\\EsmtpTransport.php(371): Swift_Transport_Esmtp_AuthHandler->afterEhlo(Object(Swift_SmtpTransport))
#1 C:\\xampp\\htdocs\\worketic-11\\codecanyon-23712284-worketic-market-place-for-freelancers\\worketic\\vendor\\swiftmailer\\swiftmailer\\lib\\classes\\Swift\\Transport\\AbstractSmtpTransport.php(148): Swift_Transport_EsmtpTransport->doHeloCommand()
#2 C:\\xampp\\htdocs\\worketic-11\\codecanyon-23712284-worketic-market-place-for-freelancers\\worketic\\vendor\\swiftmailer\\swiftmailer\\lib\\classes\\Swift\\Mailer.php(65): Swift_Transport_AbstractSmtpTransport->start()
#3 C:\\xampp\\htdocs\\worketic-11\\codecanyon-23712284-worketic-market-place-for-freelancers\\worketic\\vendor\\laravel\\framework\\src\\Illuminate\\Mail\\Mailer.php(483): Swift_Mailer->send(Object(Swift_Message), Array)
#4 C:\\xampp\\htdocs\\worketic-11\\codecanyon-23712284-worketic-market-place-for-freelancers\\worketic\\vendor\\laravel\\framework\\src\\Illuminate\\Mail\\Mailer.php(259): Illuminate\\Mail\\Mailer->sendSwiftMessage(Object(Swift_Message))
#5 C:\\xampp\\htdocs\\worketic-11\\codecanyon-23712284-worketic-market-place-for-freelancers\\worketic\\vendor\\laravel\\framework\\src\\Illuminate\\Mail\\Mailable.php(159): Illuminate\\Mail\\Mailer->send('emails.index', Array, Object(Closure))
#6 C:\\xampp\\htdocs\\worketic-11\\codecanyon-23712284-worketic-market-place-for-freelancers\\worketic\\vendor\\laravel\\framework\\src\\Illuminate\\Support\\Traits\\Localizable.php(19): Illuminate\\Mail\\Mailable->Illuminate\\Mail\\{closure}()
#7 C:\\xampp\\htdocs\\worketic-11\\codecanyon-23712284-worketic-market-place-for-freelancers\\worketic\\vendor\\laravel\\framework\\src\\Illuminate\\Mail\\Mailable.php(160): Illuminate\\Mail\\Mailable->withLocale(NULL, Object(Closure))
#8 C:\\xampp\\htdocs\\worketic-11\\codecanyon-23712284-worketic-market-place-for-freelancers\\worketic\\vendor\\laravel\\framework\\src\\Illuminate\\Mail\\Mailer.php(274): Illuminate\\Mail\\Mailable->send(Object(Illuminate\\Mail\\Mailer))
#9 C:\\xampp\\htdocs\\worketic-11\\codecanyon-23712284-worketic-market-place-for-freelancers\\worketic\\vendor\\laravel\\framework\\src\\Illuminate\\Mail\\Mailer.php(229): Illuminate\\Mail\\Mailer->sendMailable(Object(App\\Mail\\GeneralEmailMailable))
#10 C:\\xampp\\htdocs\\worketic-11\\codecanyon-23712284-worketic-market-place-for-freelancers\\worketic\\vendor\\laravel\\framework\\src\\Illuminate\\Mail\\PendingMail.php(124): Illuminate\\Mail\\Mailer->send(Object(App\\Mail\\GeneralEmailMailable))
#11 C:\\xampp\\htdocs\\worketic-11\\codecanyon-23712284-worketic-market-place-for-freelancers\\worketic\\app\\Http\\Controllers\\PublicController.php(172): Illuminate\\Mail\\PendingMail->send(Object(App\\Mail\\GeneralEmailMailable))
#12 [internal function]: App\\Http\\Controllers\\PublicController->verifyUserCode(Object(Illuminate\\Http\\Request))
#13 C:\\xampp\\htdocs\\worketic-11\\codecanyon-23712284-worketic-market-place-for-freelancers\\worketic\\vendor\\laravel\\framework\\src\\Illuminate\\Routing\\Controller.php(54): call_user_func_array(Array, Array)
#14 C:\\xampp\\htdocs\\worketic-11\\codecanyon-23712284-worketic-market-place-for-freelancers\\worketic\\vendor\\laravel\\framework\\src\\Illuminate\\Routing\\ControllerDispatcher.php(45): Illuminate\\Routing\\Controller->callAction('verifyUserCode', Array)
#15 C:\\xampp\\htdocs\\worketic-11\\codecanyon-23712284-worketic-market-place-for-freelancers\\worketic\\vendor\\laravel\\framework\\src\\Illuminate\\Routing\\Route.php(219): Illuminate\\Routing\\ControllerDispatcher->dispatch(Object(Illuminate\\Routing\\Route), Object(App\\Http\\Controllers\\PublicController), 'verifyUserCode')
#16 C:\\xampp\\htdocs\\worketic-11\\codecanyon-23712284-worketic-market-place-for-freelancers\\worketic\\vendor\\laravel\\framework\\src\\Illuminate\\Routing\\Route.php(176): Illuminate\\Routing\\Route->runController()
#17 C:\\xampp\\htdocs\\worketic-11\\codecanyon-23712284-worketic-market-place-for-freelancers\\worketic\\vendor\\laravel\\framework\\src\\Illuminate\\Routing\\Router.php(682): Illuminate\\Routing\\Route->run()
#18 C:\\xampp\\htdocs\\worketic-11\\codecanyon-23712284-worketic-market-place-for-freelancers\\worketic\\vendor\\laravel\\framework\\src\\Illuminate\\Routing\\Pipeline.php(30): Illuminate\\Routing\\Router->Illuminate\\Routing\\{closure}(Object(Illuminate\\Http\\Request))
#19 C:\\xampp\\htdocs\\worketic-11\\codecanyon-23712284-worketic-market-place-for-freelancers\\worketic\\vendor\\laravel\\framework\\src\\Illuminate\\Routing\\Middleware\\SubstituteBindings.php(41): Illuminate\\Routing\\Pipeline->Illuminate\\Routing\\{closure}(Object(Illuminate\\Http\\Request))
#20 C:\\xampp\\htdocs\\worketic-11\\codecanyon-23712284-worketic-market-place-for-freelancers\\worketic\\vendor\\laravel\\framework\\src\\Illuminate\\Pipeline\\Pipeline.php(163): Illuminate\\Routing\\Middleware\\SubstituteBindings->handle(Object(Illuminate\\Http\\Request), Object(Closure))
#21 C:\\xampp\\htdocs\\worketic-11\\codecanyon-23712284-worketic-market-place-for-freelancers\\worketic\\vendor\\laravel\\framework\\src\\Illuminate\\Routing\\Pipeline.php(53): Illuminate\\Pipeline\\Pipeline->Illuminate\\Pipeline\\{closure}(Object(Illuminate\\Http\\Request))
#22 C:\\xampp\\htdocs\\worketic-11\\codecanyon-23712284-worketic-market-place-for-freelancers\\worketic\\vendor\\laravel\\framework\\src\\Illuminate\\Foundation\\Http\\Middleware\\VerifyCsrfToken.php(75): Illuminate\\Routing\\Pipeline->Illuminate\\Routing\\{closure}(Object(Illuminate\\Http\\Request))
#23 C:\\xampp\\htdocs\\worketic-11\\codecanyon-23712284-worketic-market-place-for-freelancers\\worketic\\vendor\\laravel\\framework\\src\\Illuminate\\Pipeline\\Pipeline.php(163): Illuminate\\Foundation\\Http\\Middleware\\VerifyCsrfToken->handle(Object(Illuminate\\Http\\Request), Object(Closure))
#24 C:\\xampp\\htdocs\\worketic-11\\codecanyon-23712284-worketic-market-place-for-freelancers\\worketic\\vendor\\laravel\\framework\\src\\Illuminate\\Routing\\Pipeline.php(53): Illuminate\\Pipeline\\Pipeline->Illuminate\\Pipeline\\{closure}(Object(Illuminate\\Http\\Request))
#25 C:\\xampp\\htdocs\\worketic-11\\codecanyon-23712284-worketic-market-place-for-freelancers\\worketic\\vendor\\laravel\\framework\\src\\Illuminate\\View\\Middleware\\ShareErrorsFromSession.php(49): Illuminate\\Routing\\Pipeline->Illuminate\\Routing\\{closure}(Object(Illuminate\\Http\\Request))
#26 C:\\xampp\\htdocs\\worketic-11\\codecanyon-23712284-worketic-market-place-for-freelancers\\worketic\\vendor\\laravel\\framework\\src\\Illuminate\\Pipeline\\Pipeline.php(163): Illuminate\\View\\Middleware\\ShareErrorsFromSession->handle(Object(Illuminate\\Http\\Request), Object(Closure))
#27 C:\\xampp\\htdocs\\worketic-11\\codecanyon-23712284-worketic-market-place-for-freelancers\\worketic\\vendor\\laravel\\framework\\src\\Illuminate\\Routing\\Pipeline.php(53): Illuminate\\Pipeline\\Pipeline->Illuminate\\Pipeline\\{closure}(Object(Illuminate\\Http\\Request))
#28 C:\\xampp\\htdocs\\worketic-11\\codecanyon-23712284-worketic-market-place-for-freelancers\\worketic\\vendor\\laravel\\framework\\src\\Illuminate\\Session\\Middleware\\StartSession.php(63): Illuminate\\Routing\\Pipeline->Illuminate\\Routing\\{closure}(Object(Illuminate\\Http\\Request))
#29 C:\\xampp\\htdocs\\worketic-11\\codecanyon-23712284-worketic-market-place-for-freelancers\\worketic\\vendor\\laravel\\framework\\src\\Illuminate\\Pipeline\\Pipeline.php(163): Illuminate\\Session\\Middleware\\StartSession->handle(Object(Illuminate\\Http\\Request), Object(Closure))
#30 C:\\xampp\\htdocs\\worketic-11\\codecanyon-23712284-worketic-market-place-for-freelancers\\worketic\\vendor\\laravel\\framework\\src\\Illuminate\\Routing\\Pipeline.php(53): Illuminate\\Pipeline\\Pipeline->Illuminate\\Pipeline\\{closure}(Object(Illuminate\\Http\\Request))
#31 C:\\xampp\\htdocs\\worketic-11\\codecanyon-23712284-worketic-market-place-for-freelancers\\worketic\\vendor\\laravel\\framework\\src\\Illuminate\\Cookie\\Middleware\\AddQueuedCookiesToResponse.php(37): Illuminate\\Routing\\Pipeline->Illuminate\\Routing\\{closure}(Object(Illuminate\\Http\\Request))
#32 C:\\xampp\\htdocs\\worketic-11\\codecanyon-23712284-worketic-market-place-for-freelancers\\worketic\\vendor\\laravel\\framework\\src\\Illuminate\\Pipeline\\Pipeline.php(163): Illuminate\\Cookie\\Middleware\\AddQueuedCookiesToResponse->handle(Object(Illuminate\\Http\\Request), Object(Closure))
#33 C:\\xampp\\htdocs\\worketic-11\\codecanyon-23712284-worketic-market-place-for-freelancers\\worketic\\vendor\\laravel\\framework\\src\\Illuminate\\Routing\\Pipeline.php(53): Illuminate\\Pipeline\\Pipeline->Illuminate\\Pipeline\\{closure}(Object(Illuminate\\Http\\Request))
#34 C:\\xampp\\htdocs\\worketic-11\\codecanyon-23712284-worketic-market-place-for-freelancers\\worketic\\vendor\\laravel\\framework\\src\\Illuminate\\Cookie\\Middleware\\EncryptCookies.php(66): Illuminate\\Routing\\Pipeline->Illuminate\\Routing\\{closure}(Object(Illuminate\\Http\\Request))
#35 C:\\xampp\\htdocs\\worketic-11\\codecanyon-23712284-worketic-market-place-for-freelancers\\worketic\\vendor\\laravel\\framework\\src\\Illuminate\\Pipeline\\Pipeline.php(163): Illuminate\\Cookie\\Middleware\\EncryptCookies->handle(Object(Illuminate\\Http\\Request), Object(Closure))
#36 C:\\xampp\\htdocs\\worketic-11\\codecanyon-23712284-worketic-market-place-for-freelancers\\worketic\\vendor\\laravel\\framework\\src\\Illuminate\\Routing\\Pipeline.php(53): Illuminate\\Pipeline\\Pipeline->Illuminate\\Pipeline\\{closure}(Object(Illuminate\\Http\\Request))
#37 C:\\xampp\\htdocs\\worketic-11\\codecanyon-23712284-worketic-market-place-for-freelancers\\worketic\\vendor\\laravel\\framework\\src\\Illuminate\\Pipeline\\Pipeline.php(104): Illuminate\\Routing\\Pipeline->Illuminate\\Routing\\{closure}(Object(Illuminate\\Http\\Request))
#38 C:\\xampp\\htdocs\\worketic-11\\codecanyon-23712284-worketic-market-place-for-freelancers\\worketic\\vendor\\laravel\\framework\\src\\Illuminate\\Routing\\Router.php(684): Illuminate\\Pipeline\\Pipeline->then(Object(Closure))
#39 C:\\xampp\\htdocs\\worketic-11\\codecanyon-23712284-worketic-market-place-for-freelancers\\worketic\\vendor\\laravel\\framework\\src\\Illuminate\\Routing\\Router.php(659): Illuminate\\Routing\\Router->runRouteWithinStack(Object(Illuminate\\Routing\\Route), Object(Illuminate\\Http\\Request))
#40 C:\\xampp\\htdocs\\worketic-11\\codecanyon-23712284-worketic-market-place-for-freelancers\\worketic\\vendor\\laravel\\framework\\src\\Illuminate\\Routing\\Router.php(625): Illuminate\\Routing\\Router->runRoute(Object(Illuminate\\Http\\Request), Object(Illuminate\\Routing\\Route))
#41 C:\\xampp\\htdocs\\worketic-11\\codecanyon-23712284-worketic-market-place-for-freelancers\\worketic\\vendor\\laravel\\framework\\src\\Illuminate\\Routing\\Router.php(614): Illuminate\\Routing\\Router->dispatchToRoute(Object(Illuminate\\Http\\Request))
#42 C:\\xampp\\htdocs\\worketic-11\\codecanyon-23712284-worketic-market-place-for-freelancers\\worketic\\vendor\\laravel\\framework\\src\\Illuminate\\Foundation\\Http\\Kernel.php(176): Illuminate\\Routing\\Router->dispatch(Object(Illuminate\\Http\\Request))
#43 C:\\xampp\\htdocs\\worketic-11\\codecanyon-23712284-worketic-market-place-for-freelancers\\worketic\\vendor\\laravel\\framework\\src\\Illuminate\\Routing\\Pipeline.php(30): Illuminate\\Foundation\\Http\\Kernel->Illuminate\\Foundation\\Http\\{closure}(Object(Illuminate\\Http\\Request))
#44 C:\\xampp\\htdocs\\worketic-11\\codecanyon-23712284-worketic-market-place-for-freelancers\\worketic\\app\\Http\\Middleware\\HomeShortcodeMiddleware.php(74): Illuminate\\Routing\\Pipeline->Illuminate\\Routing\\{closure}(Object(Illuminate\\Http\\Request))
#45 C:\\xampp\\htdocs\\worketic-11\\codecanyon-23712284-worketic-market-place-for-freelancers\\worketic\\vendor\\laravel\\framework\\src\\Illuminate\\Pipeline\\Pipeline.php(163): App\\Http\\Middleware\\HomeShortcodeMiddleware->handle(Object(Illuminate\\Http\\Request), Object(Closure))
#46 C:\\xampp\\htdocs\\worketic-11\\codecanyon-23712284-worketic-market-place-for-freelancers\\worketic\\vendor\\laravel\\framework\\src\\Illuminate\\Routing\\Pipeline.php(53): Illuminate\\Pipeline\\Pipeline->Illuminate\\Pipeline\\{closure}(Object(Illuminate\\Http\\Request))
#47 C:\\xampp\\htdocs\\worketic-11\\codecanyon-23712284-worketic-market-place-for-freelancers\\worketic\\vendor\\fideloper\\proxy\\src\\TrustProxies.php(57): Illuminate\\Routing\\Pipeline->Illuminate\\Routing\\{closure}(Object(Illuminate\\Http\\Request))
#48 C:\\xampp\\htdocs\\worketic-11\\codecanyon-23712284-worketic-market-place-for-freelancers\\worketic\\vendor\\laravel\\framework\\src\\Illuminate\\Pipeline\\Pipeline.php(163): Fideloper\\Proxy\\TrustProxies->handle(Object(Illuminate\\Http\\Request), Object(Closure))
#49 C:\\xampp\\htdocs\\worketic-11\\codecanyon-23712284-worketic-market-place-for-freelancers\\worketic\\vendor\\laravel\\framework\\src\\Illuminate\\Routing\\Pipeline.php(53): Illuminate\\Pipeline\\Pipeline->Illuminate\\Pipeline\\{closure}(Object(Illuminate\\Http\\Request))
#50 C:\\xampp\\htdocs\\worketic-11\\codecanyon-23712284-worketic-market-place-for-freelancers\\worketic\\vendor\\laravel\\framework\\src\\Illuminate\\Foundation\\Http\\Middleware\\TransformsRequest.php(31): Illuminate\\Routing\\Pipeline->Illuminate\\Routing\\{closure}(Object(Illuminate\\Http\\Request))
#51 C:\\xampp\\htdocs\\worketic-11\\codecanyon-23712284-worketic-market-place-for-freelancers\\worketic\\vendor\\laravel\\framework\\src\\Illuminate\\Pipeline\\Pipeline.php(163): Illuminate\\Foundation\\Http\\Middleware\\TransformsRequest->handle(Object(Illuminate\\Http\\Request), Object(Closure))
#52 C:\\xampp\\htdocs\\worketic-11\\codecanyon-23712284-worketic-market-place-for-freelancers\\worketic\\vendor\\laravel\\framework\\src\\Illuminate\\Routing\\Pipeline.php(53): Illuminate\\Pipeline\\Pipeline->Illuminate\\Pipeline\\{closure}(Object(Illuminate\\Http\\Request))
#53 C:\\xampp\\htdocs\\worketic-11\\codecanyon-23712284-worketic-market-place-for-freelancers\\worketic\\vendor\\laravel\\framework\\src\\Illuminate\\Foundation\\Http\\Middleware\\TransformsRequest.php(31): Illuminate\\Routing\\Pipeline->Illuminate\\Routing\\{closure}(Object(Illuminate\\Http\\Request))
#54 C:\\xampp\\htdocs\\worketic-11\\codecanyon-23712284-worketic-market-place-for-freelancers\\worketic\\vendor\\laravel\\framework\\src\\Illuminate\\Pipeline\\Pipeline.php(163): Illuminate\\Foundation\\Http\\Middleware\\TransformsRequest->handle(Object(Illuminate\\Http\\Request), Object(Closure))
#55 C:\\xampp\\htdocs\\worketic-11\\codecanyon-23712284-worketic-market-place-for-freelancers\\worketic\\vendor\\laravel\\framework\\src\\Illuminate\\Routing\\Pipeline.php(53): Illuminate\\Pipeline\\Pipeline->Illuminate\\Pipeline\\{closure}(Object(Illuminate\\Http\\Request))
#56 C:\\xampp\\htdocs\\worketic-11\\codecanyon-23712284-worketic-market-place-for-freelancers\\worketic\\vendor\\laravel\\framework\\src\\Illuminate\\Foundation\\Http\\Middleware\\ValidatePostSize.php(27): Illuminate\\Routing\\Pipeline->Illuminate\\Routing\\{closure}(Object(Illuminate\\Http\\Request))
#57 C:\\xampp\\htdocs\\worketic-11\\codecanyon-23712284-worketic-market-place-for-freelancers\\worketic\\vendor\\laravel\\framework\\src\\Illuminate\\Pipeline\\Pipeline.php(163): Illuminate\\Foundation\\Http\\Middleware\\ValidatePostSize->handle(Object(Illuminate\\Http\\Request), Object(Closure))
#58 C:\\xampp\\htdocs\\worketic-11\\codecanyon-23712284-worketic-market-place-for-freelancers\\worketic\\vendor\\laravel\\framework\\src\\Illuminate\\Routing\\Pipeline.php(53): Illuminate\\Pipeline\\Pipeline->Illuminate\\Pipeline\\{closure}(Object(Illuminate\\Http\\Request))
#59 C:\\xampp\\htdocs\\worketic-11\\codecanyon-23712284-worketic-market-place-for-freelancers\\worketic\\vendor\\laravel\\framework\\src\\Illuminate\\Foundation\\Http\\Middleware\\CheckForMaintenanceMode.php(62): Illuminate\\Routing\\Pipeline->Illuminate\\Routing\\{closure}(Object(Illuminate\\Http\\Request))
#60 C:\\xampp\\htdocs\\worketic-11\\codecanyon-23712284-worketic-market-place-for-freelancers\\worketic\\vendor\\laravel\\framework\\src\\Illuminate\\Pipeline\\Pipeline.php(163): Illuminate\\Foundation\\Http\\Middleware\\CheckForMaintenanceMode->handle(Object(Illuminate\\Http\\Request), Object(Closure))
#61 C:\\xampp\\htdocs\\worketic-11\\codecanyon-23712284-worketic-market-place-for-freelancers\\worketic\\vendor\\laravel\\framework\\src\\Illuminate\\Routing\\Pipeline.php(53): Illuminate\\Pipeline\\Pipeline->Illuminate\\Pipeline\\{closure}(Object(Illuminate\\Http\\Request))
#62 C:\\xampp\\htdocs\\worketic-11\\codecanyon-23712284-worketic-market-place-for-freelancers\\worketic\\vendor\\laravel\\framework\\src\\Illuminate\\Pipeline\\Pipeline.php(104): Illuminate\\Routing\\Pipeline->Illuminate\\Routing\\{closure}(Object(Illuminate\\Http\\Request))
#63 C:\\xampp\\htdocs\\worketic-11\\codecanyon-23712284-worketic-market-place-for-freelancers\\worketic\\vendor\\laravel\\framework\\src\\Illuminate\\Foundation\\Http\\Kernel.php(151): Illuminate\\Pipeline\\Pipeline->then(Object(Closure))
#64 C:\\xampp\\htdocs\\worketic-11\\codecanyon-23712284-worketic-market-place-for-freelancers\\worketic\\vendor\\laravel\\framework\\src\\Illuminate\\Foundation\\Http\\Kernel.php(116): Illuminate\\Foundation\\Http\\Kernel->sendRequestThroughRouter(Object(Illuminate\\Http\\Request))
#65 C:\\xampp\\htdocs\\worketic-11\\codecanyon-23712284-worketic-market-place-for-freelancers\\worketic\\public\\index.php(55): Illuminate\\Foundation\\Http\\Kernel->handle(Object(Illuminate\\Http\\Request))
#66 C:\\xampp\\htdocs\\worketic-11\\codecanyon-23712284-worketic-market-place-for-freelancers\\worketic\\server.php(21): require_once('C:\\\\xampp\\\\htdocs...')
#67 {main}
"} 
[2020-03-27 19:19:15] local.ERROR: Failed to authenticate on SMTP server with username "exprotest3@gmail.com" using 3 possible authenticators. Authenticator LOGIN returned Expected response code 235 but got code "535", with message "535-5.7.8 Username and Password not accepted. Learn more at
535 5.7.8  https://support.google.com/mail/?p=BadCredentials d206sm9381841wmf.29 - gsmtp
". Authenticator PLAIN returned Expected response code 235 but got code "535", with message "535-5.7.8 Username and Password not accepted. Learn more at
535 5.7.8  https://support.google.com/mail/?p=BadCredentials d206sm9381841wmf.29 - gsmtp
". Authenticator XOAUTH2 returned Expected response code 250 but got code "535", with message "535-5.7.8 Username and Password not accepted. Learn more at
535 5.7.8  https://support.google.com/mail/?p=BadCredentials d206sm9381841wmf.29 - gsmtp
". {"exception":"[object] (Swift_TransportException(code: 0): Failed to authenticate on SMTP server with username \"exprotest3@gmail.com\" using 3 possible authenticators. Authenticator LOGIN returned Expected response code 235 but got code \"535\", with message \"535-5.7.8 Username and Password not accepted. Learn more at
535 5.7.8  https://support.google.com/mail/?p=BadCredentials d206sm9381841wmf.29 - gsmtp
\". Authenticator PLAIN returned Expected response code 235 but got code \"535\", with message \"535-5.7.8 Username and Password not accepted. Learn more at
535 5.7.8  https://support.google.com/mail/?p=BadCredentials d206sm9381841wmf.29 - gsmtp
\". Authenticator XOAUTH2 returned Expected response code 250 but got code \"535\", with message \"535-5.7.8 Username and Password not accepted. Learn more at
535 5.7.8  https://support.google.com/mail/?p=BadCredentials d206sm9381841wmf.29 - gsmtp
\". at C:\\xampp\\htdocs\\worketic-11\\codecanyon-23712284-worketic-market-place-for-freelancers\\worketic\\vendor\\swiftmailer\\swiftmailer\\lib\\classes\\Swift\\Transport\\Esmtp\\AuthHandler.php:191)
[stacktrace]
#0 C:\\xampp\\htdocs\\worketic-11\\codecanyon-23712284-worketic-market-place-for-freelancers\\worketic\\vendor\\swiftmailer\\swiftmailer\\lib\\classes\\Swift\\Transport\\EsmtpTransport.php(371): Swift_Transport_Esmtp_AuthHandler->afterEhlo(Object(Swift_SmtpTransport))
#1 C:\\xampp\\htdocs\\worketic-11\\codecanyon-23712284-worketic-market-place-for-freelancers\\worketic\\vendor\\swiftmailer\\swiftmailer\\lib\\classes\\Swift\\Transport\\AbstractSmtpTransport.php(148): Swift_Transport_EsmtpTransport->doHeloCommand()
#2 C:\\xampp\\htdocs\\worketic-11\\codecanyon-23712284-worketic-market-place-for-freelancers\\worketic\\vendor\\swiftmailer\\swiftmailer\\lib\\classes\\Swift\\Mailer.php(65): Swift_Transport_AbstractSmtpTransport->start()
#3 C:\\xampp\\htdocs\\worketic-11\\codecanyon-23712284-worketic-market-place-for-freelancers\\worketic\\vendor\\laravel\\framework\\src\\Illuminate\\Mail\\Mailer.php(483): Swift_Mailer->send(Object(Swift_Message), Array)
#4 C:\\xampp\\htdocs\\worketic-11\\codecanyon-23712284-worketic-market-place-for-freelancers\\worketic\\vendor\\laravel\\framework\\src\\Illuminate\\Mail\\Mailer.php(259): Illuminate\\Mail\\Mailer->sendSwiftMessage(Object(Swift_Message))
#5 C:\\xampp\\htdocs\\worketic-11\\codecanyon-23712284-worketic-market-place-for-freelancers\\worketic\\vendor\\laravel\\framework\\src\\Illuminate\\Mail\\Mailable.php(159): Illuminate\\Mail\\Mailer->send('emails.index', Array, Object(Closure))
#6 C:\\xampp\\htdocs\\worketic-11\\codecanyon-23712284-worketic-market-place-for-freelancers\\worketic\\vendor\\laravel\\framework\\src\\Illuminate\\Support\\Traits\\Localizable.php(19): Illuminate\\Mail\\Mailable->Illuminate\\Mail\\{closure}()
#7 C:\\xampp\\htdocs\\worketic-11\\codecanyon-23712284-worketic-market-place-for-freelancers\\worketic\\vendor\\laravel\\framework\\src\\Illuminate\\Mail\\Mailable.php(160): Illuminate\\Mail\\Mailable->withLocale(NULL, Object(Closure))
#8 C:\\xampp\\htdocs\\worketic-11\\codecanyon-23712284-worketic-market-place-for-freelancers\\worketic\\vendor\\laravel\\framework\\src\\Illuminate\\Mail\\Mailer.php(274): Illuminate\\Mail\\Mailable->send(Object(Illuminate\\Mail\\Mailer))
#9 C:\\xampp\\htdocs\\worketic-11\\codecanyon-23712284-worketic-market-place-for-freelancers\\worketic\\vendor\\laravel\\framework\\src\\Illuminate\\Mail\\Mailer.php(229): Illuminate\\Mail\\Mailer->sendMailable(Object(App\\Mail\\GeneralEmailMailable))
#10 C:\\xampp\\htdocs\\worketic-11\\codecanyon-23712284-worketic-market-place-for-freelancers\\worketic\\vendor\\laravel\\framework\\src\\Illuminate\\Mail\\PendingMail.php(124): Illuminate\\Mail\\Mailer->send(Object(App\\Mail\\GeneralEmailMailable))
#11 C:\\xampp\\htdocs\\worketic-11\\codecanyon-23712284-worketic-market-place-for-freelancers\\worketic\\app\\Http\\Controllers\\PublicController.php(172): Illuminate\\Mail\\PendingMail->send(Object(App\\Mail\\GeneralEmailMailable))
#12 [internal function]: App\\Http\\Controllers\\PublicController->verifyUserCode(Object(Illuminate\\Http\\Request))
#13 C:\\xampp\\htdocs\\worketic-11\\codecanyon-23712284-worketic-market-place-for-freelancers\\worketic\\vendor\\laravel\\framework\\src\\Illuminate\\Routing\\Controller.php(54): call_user_func_array(Array, Array)
#14 C:\\xampp\\htdocs\\worketic-11\\codecanyon-23712284-worketic-market-place-for-freelancers\\worketic\\vendor\\laravel\\framework\\src\\Illuminate\\Routing\\ControllerDispatcher.php(45): Illuminate\\Routing\\Controller->callAction('verifyUserCode', Array)
#15 C:\\xampp\\htdocs\\worketic-11\\codecanyon-23712284-worketic-market-place-for-freelancers\\worketic\\vendor\\laravel\\framework\\src\\Illuminate\\Routing\\Route.php(219): Illuminate\\Routing\\ControllerDispatcher->dispatch(Object(Illuminate\\Routing\\Route), Object(App\\Http\\Controllers\\PublicController), 'verifyUserCode')
#16 C:\\xampp\\htdocs\\worketic-11\\codecanyon-23712284-worketic-market-place-for-freelancers\\worketic\\vendor\\laravel\\framework\\src\\Illuminate\\Routing\\Route.php(176): Illuminate\\Routing\\Route->runController()
#17 C:\\xampp\\htdocs\\worketic-11\\codecanyon-23712284-worketic-market-place-for-freelancers\\worketic\\vendor\\laravel\\framework\\src\\Illuminate\\Routing\\Router.php(682): Illuminate\\Routing\\Route->run()
#18 C:\\xampp\\htdocs\\worketic-11\\codecanyon-23712284-worketic-market-place-for-freelancers\\worketic\\vendor\\laravel\\framework\\src\\Illuminate\\Routing\\Pipeline.php(30): Illuminate\\Routing\\Router->Illuminate\\Routing\\{closure}(Object(Illuminate\\Http\\Request))
#19 C:\\xampp\\htdocs\\worketic-11\\codecanyon-23712284-worketic-market-place-for-freelancers\\worketic\\vendor\\laravel\\framework\\src\\Illuminate\\Routing\\Middleware\\SubstituteBindings.php(41): Illuminate\\Routing\\Pipeline->Illuminate\\Routing\\{closure}(Object(Illuminate\\Http\\Request))
#20 C:\\xampp\\htdocs\\worketic-11\\codecanyon-23712284-worketic-market-place-for-freelancers\\worketic\\vendor\\laravel\\framework\\src\\Illuminate\\Pipeline\\Pipeline.php(163): Illuminate\\Routing\\Middleware\\SubstituteBindings->handle(Object(Illuminate\\Http\\Request), Object(Closure))
#21 C:\\xampp\\htdocs\\worketic-11\\codecanyon-23712284-worketic-market-place-for-freelancers\\worketic\\vendor\\laravel\\framework\\src\\Illuminate\\Routing\\Pipeline.php(53): Illuminate\\Pipeline\\Pipeline->Illuminate\\Pipeline\\{closure}(Object(Illuminate\\Http\\Request))
#22 C:\\xampp\\htdocs\\worketic-11\\codecanyon-23712284-worketic-market-place-for-freelancers\\worketic\\vendor\\laravel\\framework\\src\\Illuminate\\Foundation\\Http\\Middleware\\VerifyCsrfToken.php(75): Illuminate\\Routing\\Pipeline->Illuminate\\Routing\\{closure}(Object(Illuminate\\Http\\Request))
#23 C:\\xampp\\htdocs\\worketic-11\\codecanyon-23712284-worketic-market-place-for-freelancers\\worketic\\vendor\\laravel\\framework\\src\\Illuminate\\Pipeline\\Pipeline.php(163): Illuminate\\Foundation\\Http\\Middleware\\VerifyCsrfToken->handle(Object(Illuminate\\Http\\Request), Object(Closure))
#24 C:\\xampp\\htdocs\\worketic-11\\codecanyon-23712284-worketic-market-place-for-freelancers\\worketic\\vendor\\laravel\\framework\\src\\Illuminate\\Routing\\Pipeline.php(53): Illuminate\\Pipeline\\Pipeline->Illuminate\\Pipeline\\{closure}(Object(Illuminate\\Http\\Request))
#25 C:\\xampp\\htdocs\\worketic-11\\codecanyon-23712284-worketic-market-place-for-freelancers\\worketic\\vendor\\laravel\\framework\\src\\Illuminate\\View\\Middleware\\ShareErrorsFromSession.php(49): Illuminate\\Routing\\Pipeline->Illuminate\\Routing\\{closure}(Object(Illuminate\\Http\\Request))
#26 C:\\xampp\\htdocs\\worketic-11\\codecanyon-23712284-worketic-market-place-for-freelancers\\worketic\\vendor\\laravel\\framework\\src\\Illuminate\\Pipeline\\Pipeline.php(163): Illuminate\\View\\Middleware\\ShareErrorsFromSession->handle(Object(Illuminate\\Http\\Request), Object(Closure))
#27 C:\\xampp\\htdocs\\worketic-11\\codecanyon-23712284-worketic-market-place-for-freelancers\\worketic\\vendor\\laravel\\framework\\src\\Illuminate\\Routing\\Pipeline.php(53): Illuminate\\Pipeline\\Pipeline->Illuminate\\Pipeline\\{closure}(Object(Illuminate\\Http\\Request))
#28 C:\\xampp\\htdocs\\worketic-11\\codecanyon-23712284-worketic-market-place-for-freelancers\\worketic\\vendor\\laravel\\framework\\src\\Illuminate\\Session\\Middleware\\StartSession.php(63): Illuminate\\Routing\\Pipeline->Illuminate\\Routing\\{closure}(Object(Illuminate\\Http\\Request))
#29 C:\\xampp\\htdocs\\worketic-11\\codecanyon-23712284-worketic-market-place-for-freelancers\\worketic\\vendor\\laravel\\framework\\src\\Illuminate\\Pipeline\\Pipeline.php(163): Illuminate\\Session\\Middleware\\StartSession->handle(Object(Illuminate\\Http\\Request), Object(Closure))
#30 C:\\xampp\\htdocs\\worketic-11\\codecanyon-23712284-worketic-market-place-for-freelancers\\worketic\\vendor\\laravel\\framework\\src\\Illuminate\\Routing\\Pipeline.php(53): Illuminate\\Pipeline\\Pipeline->Illuminate\\Pipeline\\{closure}(Object(Illuminate\\Http\\Request))
#31 C:\\xampp\\htdocs\\worketic-11\\codecanyon-23712284-worketic-market-place-for-freelancers\\worketic\\vendor\\laravel\\framework\\src\\Illuminate\\Cookie\\Middleware\\AddQueuedCookiesToResponse.php(37): Illuminate\\Routing\\Pipeline->Illuminate\\Routing\\{closure}(Object(Illuminate\\Http\\Request))
#32 C:\\xampp\\htdocs\\worketic-11\\codecanyon-23712284-worketic-market-place-for-freelancers\\worketic\\vendor\\laravel\\framework\\src\\Illuminate\\Pipeline\\Pipeline.php(163): Illuminate\\Cookie\\Middleware\\AddQueuedCookiesToResponse->handle(Object(Illuminate\\Http\\Request), Object(Closure))
#33 C:\\xampp\\htdocs\\worketic-11\\codecanyon-23712284-worketic-market-place-for-freelancers\\worketic\\vendor\\laravel\\framework\\src\\Illuminate\\Routing\\Pipeline.php(53): Illuminate\\Pipeline\\Pipeline->Illuminate\\Pipeline\\{closure}(Object(Illuminate\\Http\\Request))
#34 C:\\xampp\\htdocs\\worketic-11\\codecanyon-23712284-worketic-market-place-for-freelancers\\worketic\\vendor\\laravel\\framework\\src\\Illuminate\\Cookie\\Middleware\\EncryptCookies.php(66): Illuminate\\Routing\\Pipeline->Illuminate\\Routing\\{closure}(Object(Illuminate\\Http\\Request))
#35 C:\\xampp\\htdocs\\worketic-11\\codecanyon-23712284-worketic-market-place-for-freelancers\\worketic\\vendor\\laravel\\framework\\src\\Illuminate\\Pipeline\\Pipeline.php(163): Illuminate\\Cookie\\Middleware\\EncryptCookies->handle(Object(Illuminate\\Http\\Request), Object(Closure))
#36 C:\\xampp\\htdocs\\worketic-11\\codecanyon-23712284-worketic-market-place-for-freelancers\\worketic\\vendor\\laravel\\framework\\src\\Illuminate\\Routing\\Pipeline.php(53): Illuminate\\Pipeline\\Pipeline->Illuminate\\Pipeline\\{closure}(Object(Illuminate\\Http\\Request))
#37 C:\\xampp\\htdocs\\worketic-11\\codecanyon-23712284-worketic-market-place-for-freelancers\\worketic\\vendor\\laravel\\framework\\src\\Illuminate\\Pipeline\\Pipeline.php(104): Illuminate\\Routing\\Pipeline->Illuminate\\Routing\\{closure}(Object(Illuminate\\Http\\Request))
#38 C:\\xampp\\htdocs\\worketic-11\\codecanyon-23712284-worketic-market-place-for-freelancers\\worketic\\vendor\\laravel\\framework\\src\\Illuminate\\Routing\\Router.php(684): Illuminate\\Pipeline\\Pipeline->then(Object(Closure))
#39 C:\\xampp\\htdocs\\worketic-11\\codecanyon-23712284-worketic-market-place-for-freelancers\\worketic\\vendor\\laravel\\framework\\src\\Illuminate\\Routing\\Router.php(659): Illuminate\\Routing\\Router->runRouteWithinStack(Object(Illuminate\\Routing\\Route), Object(Illuminate\\Http\\Request))
#40 C:\\xampp\\htdocs\\worketic-11\\codecanyon-23712284-worketic-market-place-for-freelancers\\worketic\\vendor\\laravel\\framework\\src\\Illuminate\\Routing\\Router.php(625): Illuminate\\Routing\\Router->runRoute(Object(Illuminate\\Http\\Request), Object(Illuminate\\Routing\\Route))
#41 C:\\xampp\\htdocs\\worketic-11\\codecanyon-23712284-worketic-market-place-for-freelancers\\worketic\\vendor\\laravel\\framework\\src\\Illuminate\\Routing\\Router.php(614): Illuminate\\Routing\\Router->dispatchToRoute(Object(Illuminate\\Http\\Request))
#42 C:\\xampp\\htdocs\\worketic-11\\codecanyon-23712284-worketic-market-place-for-freelancers\\worketic\\vendor\\laravel\\framework\\src\\Illuminate\\Foundation\\Http\\Kernel.php(176): Illuminate\\Routing\\Router->dispatch(Object(Illuminate\\Http\\Request))
#43 C:\\xampp\\htdocs\\worketic-11\\codecanyon-23712284-worketic-market-place-for-freelancers\\worketic\\vendor\\laravel\\framework\\src\\Illuminate\\Routing\\Pipeline.php(30): Illuminate\\Foundation\\Http\\Kernel->Illuminate\\Foundation\\Http\\{closure}(Object(Illuminate\\Http\\Request))
#44 C:\\xampp\\htdocs\\worketic-11\\codecanyon-23712284-worketic-market-place-for-freelancers\\worketic\\app\\Http\\Middleware\\HomeShortcodeMiddleware.php(74): Illuminate\\Routing\\Pipeline->Illuminate\\Routing\\{closure}(Object(Illuminate\\Http\\Request))
#45 C:\\xampp\\htdocs\\worketic-11\\codecanyon-23712284-worketic-market-place-for-freelancers\\worketic\\vendor\\laravel\\framework\\src\\Illuminate\\Pipeline\\Pipeline.php(163): App\\Http\\Middleware\\HomeShortcodeMiddleware->handle(Object(Illuminate\\Http\\Request), Object(Closure))
#46 C:\\xampp\\htdocs\\worketic-11\\codecanyon-23712284-worketic-market-place-for-freelancers\\worketic\\vendor\\laravel\\framework\\src\\Illuminate\\Routing\\Pipeline.php(53): Illuminate\\Pipeline\\Pipeline->Illuminate\\Pipeline\\{closure}(Object(Illuminate\\Http\\Request))
#47 C:\\xampp\\htdocs\\worketic-11\\codecanyon-23712284-worketic-market-place-for-freelancers\\worketic\\vendor\\fideloper\\proxy\\src\\TrustProxies.php(57): Illuminate\\Routing\\Pipeline->Illuminate\\Routing\\{closure}(Object(Illuminate\\Http\\Request))
#48 C:\\xampp\\htdocs\\worketic-11\\codecanyon-23712284-worketic-market-place-for-freelancers\\worketic\\vendor\\laravel\\framework\\src\\Illuminate\\Pipeline\\Pipeline.php(163): Fideloper\\Proxy\\TrustProxies->handle(Object(Illuminate\\Http\\Request), Object(Closure))
#49 C:\\xampp\\htdocs\\worketic-11\\codecanyon-23712284-worketic-market-place-for-freelancers\\worketic\\vendor\\laravel\\framework\\src\\Illuminate\\Routing\\Pipeline.php(53): Illuminate\\Pipeline\\Pipeline->Illuminate\\Pipeline\\{closure}(Object(Illuminate\\Http\\Request))
#50 C:\\xampp\\htdocs\\worketic-11\\codecanyon-23712284-worketic-market-place-for-freelancers\\worketic\\vendor\\laravel\\framework\\src\\Illuminate\\Foundation\\Http\\Middleware\\TransformsRequest.php(31): Illuminate\\Routing\\Pipeline->Illuminate\\Routing\\{closure}(Object(Illuminate\\Http\\Request))
#51 C:\\xampp\\htdocs\\worketic-11\\codecanyon-23712284-worketic-market-place-for-freelancers\\worketic\\vendor\\laravel\\framework\\src\\Illuminate\\Pipeline\\Pipeline.php(163): Illuminate\\Foundation\\Http\\Middleware\\TransformsRequest->handle(Object(Illuminate\\Http\\Request), Object(Closure))
#52 C:\\xampp\\htdocs\\worketic-11\\codecanyon-23712284-worketic-market-place-for-freelancers\\worketic\\vendor\\laravel\\framework\\src\\Illuminate\\Routing\\Pipeline.php(53): Illuminate\\Pipeline\\Pipeline->Illuminate\\Pipeline\\{closure}(Object(Illuminate\\Http\\Request))
#53 C:\\xampp\\htdocs\\worketic-11\\codecanyon-23712284-worketic-market-place-for-freelancers\\worketic\\vendor\\laravel\\framework\\src\\Illuminate\\Foundation\\Http\\Middleware\\TransformsRequest.php(31): Illuminate\\Routing\\Pipeline->Illuminate\\Routing\\{closure}(Object(Illuminate\\Http\\Request))
#54 C:\\xampp\\htdocs\\worketic-11\\codecanyon-23712284-worketic-market-place-for-freelancers\\worketic\\vendor\\laravel\\framework\\src\\Illuminate\\Pipeline\\Pipeline.php(163): Illuminate\\Foundation\\Http\\Middleware\\TransformsRequest->handle(Object(Illuminate\\Http\\Request), Object(Closure))
#55 C:\\xampp\\htdocs\\worketic-11\\codecanyon-23712284-worketic-market-place-for-freelancers\\worketic\\vendor\\laravel\\framework\\src\\Illuminate\\Routing\\Pipeline.php(53): Illuminate\\Pipeline\\Pipeline->Illuminate\\Pipeline\\{closure}(Object(Illuminate\\Http\\Request))
#56 C:\\xampp\\htdocs\\worketic-11\\codecanyon-23712284-worketic-market-place-for-freelancers\\worketic\\vendor\\laravel\\framework\\src\\Illuminate\\Foundation\\Http\\Middleware\\ValidatePostSize.php(27): Illuminate\\Routing\\Pipeline->Illuminate\\Routing\\{closure}(Object(Illuminate\\Http\\Request))
#57 C:\\xampp\\htdocs\\worketic-11\\codecanyon-23712284-worketic-market-place-for-freelancers\\worketic\\vendor\\laravel\\framework\\src\\Illuminate\\Pipeline\\Pipeline.php(163): Illuminate\\Foundation\\Http\\Middleware\\ValidatePostSize->handle(Object(Illuminate\\Http\\Request), Object(Closure))
#58 C:\\xampp\\htdocs\\worketic-11\\codecanyon-23712284-worketic-market-place-for-freelancers\\worketic\\vendor\\laravel\\framework\\src\\Illuminate\\Routing\\Pipeline.php(53): Illuminate\\Pipeline\\Pipeline->Illuminate\\Pipeline\\{closure}(Object(Illuminate\\Http\\Request))
#59 C:\\xampp\\htdocs\\worketic-11\\codecanyon-23712284-worketic-market-place-for-freelancers\\worketic\\vendor\\laravel\\framework\\src\\Illuminate\\Foundation\\Http\\Middleware\\CheckForMaintenanceMode.php(62): Illuminate\\Routing\\Pipeline->Illuminate\\Routing\\{closure}(Object(Illuminate\\Http\\Request))
#60 C:\\xampp\\htdocs\\worketic-11\\codecanyon-23712284-worketic-market-place-for-freelancers\\worketic\\vendor\\laravel\\framework\\src\\Illuminate\\Pipeline\\Pipeline.php(163): Illuminate\\Foundation\\Http\\Middleware\\CheckForMaintenanceMode->handle(Object(Illuminate\\Http\\Request), Object(Closure))
#61 C:\\xampp\\htdocs\\worketic-11\\codecanyon-23712284-worketic-market-place-for-freelancers\\worketic\\vendor\\laravel\\framework\\src\\Illuminate\\Routing\\Pipeline.php(53): Illuminate\\Pipeline\\Pipeline->Illuminate\\Pipeline\\{closure}(Object(Illuminate\\Http\\Request))
#62 C:\\xampp\\htdocs\\worketic-11\\codecanyon-23712284-worketic-market-place-for-freelancers\\worketic\\vendor\\laravel\\framework\\src\\Illuminate\\Pipeline\\Pipeline.php(104): Illuminate\\Routing\\Pipeline->Illuminate\\Routing\\{closure}(Object(Illuminate\\Http\\Request))
#63 C:\\xampp\\htdocs\\worketic-11\\codecanyon-23712284-worketic-market-place-for-freelancers\\worketic\\vendor\\laravel\\framework\\src\\Illuminate\\Foundation\\Http\\Kernel.php(151): Illuminate\\Pipeline\\Pipeline->then(Object(Closure))
#64 C:\\xampp\\htdocs\\worketic-11\\codecanyon-23712284-worketic-market-place-for-freelancers\\worketic\\vendor\\laravel\\framework\\src\\Illuminate\\Foundation\\Http\\Kernel.php(116): Illuminate\\Foundation\\Http\\Kernel->sendRequestThroughRouter(Object(Illuminate\\Http\\Request))
#65 C:\\xampp\\htdocs\\worketic-11\\codecanyon-23712284-worketic-market-place-for-freelancers\\worketic\\public\\index.php(55): Illuminate\\Foundation\\Http\\Kernel->handle(Object(Illuminate\\Http\\Request))
#66 C:\\xampp\\htdocs\\worketic-11\\codecanyon-23712284-worketic-market-place-for-freelancers\\worketic\\server.php(21): require_once('C:\\\\xampp\\\\htdocs...')
#67 {main}
"} 
[2020-03-27 19:33:54] local.ERROR: Call to a member function uri() on null (View: C:\xampp\htdocs\worketic-11\codecanyon-23712284-worketic-market-place-for-freelancers\worketic\resources\views\includes\header.blade.php) (View: C:\xampp\htdocs\worketic-11\codecanyon-23712284-worketic-market-place-for-freelancers\worketic\resources\views\includes\header.blade.php) (View: C:\xampp\htdocs\worketic-11\codecanyon-23712284-worketic-market-place-for-freelancers\worketic\resources\views\includes\header.blade.php) {"exception":"[object] (ErrorException(code: 0): Call to a member function uri() on null (View: C:\\xampp\\htdocs\\worketic-11\\codecanyon-23712284-worketic-market-place-for-freelancers\\worketic\esources\\views\\includes\\header.blade.php) (View: C:\\xampp\\htdocs\\worketic-11\\codecanyon-23712284-worketic-market-place-for-freelancers\\worketic\esources\\views\\includes\\header.blade.php) (View: C:\\xampp\\htdocs\\worketic-11\\codecanyon-23712284-worketic-market-place-for-freelancers\\worketic\esources\\views\\includes\\header.blade.php) at C:\\xampp\\htdocs\\worketic-11\\codecanyon-23712284-worketic-market-place-for-freelancers\\worketic\\storage\\framework\\views\\f6a68d4419193b344f2c29e0927cfa4e2dec2310.php:22, ErrorException(code: 0): Call to a member function uri() on null (View: C:\\xampp\\htdocs\\worketic-11\\codecanyon-23712284-worketic-market-place-for-freelancers\\worketic\esources\\views\\includes\\header.blade.php) (View: C:\\xampp\\htdocs\\worketic-11\\codecanyon-23712284-worketic-market-place-for-freelancers\\worketic\esources\\views\\includes\\header.blade.php) at C:\\xampp\\htdocs\\worketic-11\\codecanyon-23712284-worketic-market-place-for-freelancers\\worketic\\storage\\framework\\views\\f6a68d4419193b344f2c29e0927cfa4e2dec2310.php:22, ErrorException(code: 0): Call to a member function uri() on null (View: C:\\xampp\\htdocs\\worketic-11\\codecanyon-23712284-worketic-market-place-for-freelancers\\worketic\esources\\views\\includes\\header.blade.php) at C:\\xampp\\htdocs\\worketic-11\\codecanyon-23712284-worketic-market-place-for-freelancers\\worketic\\storage\\framework\\views\\f6a68d4419193b344f2c29e0927cfa4e2dec2310.php:22, Symfony\\Component\\Debug\\Exception\\FatalThrowableError(code: 0): Call to a member function uri() on null at C:\\xampp\\htdocs\\worketic-11\\codecanyon-23712284-worketic-market-place-for-freelancers\\worketic\\storage\\framework\\views\\f6a68d4419193b344f2c29e0927cfa4e2dec2310.php:22)
[stacktrace]
#0 C:\\xampp\\htdocs\\worketic-11\\codecanyon-23712284-worketic-market-place-for-freelancers\\worketic\\vendor\\laravel\\framework\\src\\Illuminate\\View\\Engines\\PhpEngine.php(45): Illuminate\\View\\Engines\\CompilerEngine->handleViewException(Object(ErrorException), 2)
#1 C:\\xampp\\htdocs\\worketic-11\\codecanyon-23712284-worketic-market-place-for-freelancers\\worketic\\vendor\\laravel\\framework\\src\\Illuminate\\View\\Engines\\CompilerEngine.php(59): Illuminate\\View\\Engines\\PhpEngine->evaluatePath('C:\\\\xampp\\\\htdocs...', Array)
#2 C:\\xampp\\htdocs\\worketic-11\\codecanyon-23712284-worketic-market-place-for-freelancers\\worketic\\vendor\\laravel\\framework\\src\\Illuminate\\View\\View.php(142): Illuminate\\View\\Engines\\CompilerEngine->get('C:\\\\xampp\\\\htdocs...', Array)
#3 C:\\xampp\\htdocs\\worketic-11\\codecanyon-23712284-worketic-market-place-for-freelancers\\worketic\\vendor\\laravel\\framework\\src\\Illuminate\\View\\View.php(125): Illuminate\\View\\View->getContents()
#4 C:\\xampp\\htdocs\\worketic-11\\codecanyon-23712284-worketic-market-place-for-freelancers\\worketic\\vendor\\laravel\\framework\\src\\Illuminate\\View\\View.php(90): Illuminate\\View\\View->renderContents()
#5 C:\\xampp\\htdocs\\worketic-11\\codecanyon-23712284-worketic-market-place-for-freelancers\\worketic\\vendor\\laravel\\framework\\src\\Illuminate\\Http\\Response.php(42): Illuminate\\View\\View->render()
#6 C:\\xampp\\htdocs\\worketic-11\\codecanyon-23712284-worketic-market-place-for-freelancers\\worketic\\vendor\\symfony\\http-foundation\\Response.php(202): Illuminate\\Http\\Response->setContent(Object(Illuminate\\View\\View))
#7 C:\\xampp\\htdocs\\worketic-11\\codecanyon-23712284-worketic-market-place-for-freelancers\\worketic\\vendor\\laravel\\framework\\src\\Illuminate\\Routing\\ResponseFactory.php(55): Symfony\\Component\\HttpFoundation\\Response->__construct(Object(Illuminate\\View\\View), 404, Array)
#8 C:\\xampp\\htdocs\\worketic-11\\codecanyon-23712284-worketic-market-place-for-freelancers\\worketic\\vendor\\laravel\\framework\\src\\Illuminate\\Routing\\ResponseFactory.php(81): Illuminate\\Routing\\ResponseFactory->make(Object(Illuminate\\View\\View), 404, Array)
#9 C:\\xampp\\htdocs\\worketic-11\\codecanyon-23712284-worketic-market-place-for-freelancers\\worketic\\vendor\\laravel\\framework\\src\\Illuminate\\Foundation\\Exceptions\\Handler.php(380): Illuminate\\Routing\\ResponseFactory->view('errors::404', Array, 404, Array)
#10 C:\\xampp\\htdocs\\worketic-11\\codecanyon-23712284-worketic-market-place-for-freelancers\\worketic\\vendor\\laravel\\framework\\src\\Illuminate\\Foundation\\Exceptions\\Handler.php(289): Illuminate\\Foundation\\Exceptions\\Handler->renderHttpException(Object(Symfony\\Component\\HttpKernel\\Exception\\NotFoundHttpException))
#11 C:\\xampp\\htdocs\\worketic-11\\codecanyon-23712284-worketic-market-place-for-freelancers\\worketic\\vendor\\laravel\\framework\\src\\Illuminate\\Foundation\\Exceptions\\Handler.php(188): Illuminate\\Foundation\\Exceptions\\Handler->prepareResponse(Object(Illuminate\\Http\\Request), Object(Symfony\\Component\\HttpKernel\\Exception\\NotFoundHttpException))
#12 C:\\xampp\\htdocs\\worketic-11\\codecanyon-23712284-worketic-market-place-for-freelancers\\worketic\\app\\Exceptions\\Handler.php(52): Illuminate\\Foundation\\Exceptions\\Handler->render(Object(Illuminate\\Http\\Request), Object(Symfony\\Component\\HttpKernel\\Exception\\NotFoundHttpException))
#13 C:\\xampp\\htdocs\\worketic-11\\codecanyon-23712284-worketic-market-place-for-freelancers\\worketic\\vendor\\laravel\\framework\\src\\Illuminate\\Routing\\Pipeline.php(83): App\\Exceptions\\Handler->render(Object(Illuminate\\Http\\Request), Object(Symfony\\Component\\HttpKernel\\Exception\\NotFoundHttpException))
#14 C:\\xampp\\htdocs\\worketic-11\\codecanyon-23712284-worketic-market-place-for-freelancers\\worketic\\vendor\\laravel\\framework\\src\\Illuminate\\Routing\\Pipeline.php(32): Illuminate\\Routing\\Pipeline->handleException(Object(Illuminate\\Http\\Request), Object(Symfony\\Component\\HttpKernel\\Exception\\NotFoundHttpException))
#15 C:\\xampp\\htdocs\\worketic-11\\codecanyon-23712284-worketic-market-place-for-freelancers\\worketic\\app\\Http\\Middleware\\HomeShortcodeMiddleware.php(74): Illuminate\\Routing\\Pipeline->Illuminate\\Routing\\{closure}(Object(Illuminate\\Http\\Request))
#16 C:\\xampp\\htdocs\\worketic-11\\codecanyon-23712284-worketic-market-place-for-freelancers\\worketic\\vendor\\laravel\\framework\\src\\Illuminate\\Pipeline\\Pipeline.php(163): App\\Http\\Middleware\\HomeShortcodeMiddleware->handle(Object(Illuminate\\Http\\Request), Object(Closure))
#17 C:\\xampp\\htdocs\\worketic-11\\codecanyon-23712284-worketic-market-place-for-freelancers\\worketic\\vendor\\laravel\\framework\\src\\Illuminate\\Routing\\Pipeline.php(53): Illuminate\\Pipeline\\Pipeline->Illuminate\\Pipeline\\{closure}(Object(Illuminate\\Http\\Request))
#18 C:\\xampp\\htdocs\\worketic-11\\codecanyon-23712284-worketic-market-place-for-freelancers\\worketic\\vendor\\fideloper\\proxy\\src\\TrustProxies.php(57): Illuminate\\Routing\\Pipeline->Illuminate\\Routing\\{closure}(Object(Illuminate\\Http\\Request))
#19 C:\\xampp\\htdocs\\worketic-11\\codecanyon-23712284-worketic-market-place-for-freelancers\\worketic\\vendor\\laravel\\framework\\src\\Illuminate\\Pipeline\\Pipeline.php(163): Fideloper\\Proxy\\TrustProxies->handle(Object(Illuminate\\Http\\Request), Object(Closure))
#20 C:\\xampp\\htdocs\\worketic-11\\codecanyon-23712284-worketic-market-place-for-freelancers\\worketic\\vendor\\laravel\\framework\\src\\Illuminate\\Routing\\Pipeline.php(53): Illuminate\\Pipeline\\Pipeline->Illuminate\\Pipeline\\{closure}(Object(Illuminate\\Http\\Request))
#21 C:\\xampp\\htdocs\\worketic-11\\codecanyon-23712284-worketic-market-place-for-freelancers\\worketic\\vendor\\laravel\\framework\\src\\Illuminate\\Foundation\\Http\\Middleware\\TransformsRequest.php(31): Illuminate\\Routing\\Pipeline->Illuminate\\Routing\\{closure}(Object(Illuminate\\Http\\Request))
#22 C:\\xampp\\htdocs\\worketic-11\\codecanyon-23712284-worketic-market-place-for-freelancers\\worketic\\vendor\\laravel\\framework\\src\\Illuminate\\Pipeline\\Pipeline.php(163): Illuminate\\Foundation\\Http\\Middleware\\TransformsRequest->handle(Object(Illuminate\\Http\\Request), Object(Closure))
#23 C:\\xampp\\htdocs\\worketic-11\\codecanyon-23712284-worketic-market-place-for-freelancers\\worketic\\vendor\\laravel\\framework\\src\\Illuminate\\Routing\\Pipeline.php(53): Illuminate\\Pipeline\\Pipeline->Illuminate\\Pipeline\\{closure}(Object(Illuminate\\Http\\Request))
#24 C:\\xampp\\htdocs\\worketic-11\\codecanyon-23712284-worketic-market-place-for-freelancers\\worketic\\vendor\\laravel\\framework\\src\\Illuminate\\Foundation\\Http\\Middleware\\TransformsRequest.php(31): Illuminate\\Routing\\Pipeline->Illuminate\\Routing\\{closure}(Object(Illuminate\\Http\\Request))
#25 C:\\xampp\\htdocs\\worketic-11\\codecanyon-23712284-worketic-market-place-for-freelancers\\worketic\\vendor\\laravel\\framework\\src\\Illuminate\\Pipeline\\Pipeline.php(163): Illuminate\\Foundation\\Http\\Middleware\\TransformsRequest->handle(Object(Illuminate\\Http\\Request), Object(Closure))
#26 C:\\xampp\\htdocs\\worketic-11\\codecanyon-23712284-worketic-market-place-for-freelancers\\worketic\\vendor\\laravel\\framework\\src\\Illuminate\\Routing\\Pipeline.php(53): Illuminate\\Pipeline\\Pipeline->Illuminate\\Pipeline\\{closure}(Object(Illuminate\\Http\\Request))
#27 C:\\xampp\\htdocs\\worketic-11\\codecanyon-23712284-worketic-market-place-for-freelancers\\worketic\\vendor\\laravel\\framework\\src\\Illuminate\\Foundation\\Http\\Middleware\\ValidatePostSize.php(27): Illuminate\\Routing\\Pipeline->Illuminate\\Routing\\{closure}(Object(Illuminate\\Http\\Request))
#28 C:\\xampp\\htdocs\\worketic-11\\codecanyon-23712284-worketic-market-place-for-freelancers\\worketic\\vendor\\laravel\\framework\\src\\Illuminate\\Pipeline\\Pipeline.php(163): Illuminate\\Foundation\\Http\\Middleware\\ValidatePostSize->handle(Object(Illuminate\\Http\\Request), Object(Closure))
#29 C:\\xampp\\htdocs\\worketic-11\\codecanyon-23712284-worketic-market-place-for-freelancers\\worketic\\vendor\\laravel\\framework\\src\\Illuminate\\Routing\\Pipeline.php(53): Illuminate\\Pipeline\\Pipeline->Illuminate\\Pipeline\\{closure}(Object(Illuminate\\Http\\Request))
#30 C:\\xampp\\htdocs\\worketic-11\\codecanyon-23712284-worketic-market-place-for-freelancers\\worketic\\vendor\\laravel\\framework\\src\\Illuminate\\Foundation\\Http\\Middleware\\CheckForMaintenanceMode.php(62): Illuminate\\Routing\\Pipeline->Illuminate\\Routing\\{closure}(Object(Illuminate\\Http\\Request))
#31 C:\\xampp\\htdocs\\worketic-11\\codecanyon-23712284-worketic-market-place-for-freelancers\\worketic\\vendor\\laravel\\framework\\src\\Illuminate\\Pipeline\\Pipeline.php(163): Illuminate\\Foundation\\Http\\Middleware\\CheckForMaintenanceMode->handle(Object(Illuminate\\Http\\Request), Object(Closure))
#32 C:\\xampp\\htdocs\\worketic-11\\codecanyon-23712284-worketic-market-place-for-freelancers\\worketic\\vendor\\laravel\\framework\\src\\Illuminate\\Routing\\Pipeline.php(53): Illuminate\\Pipeline\\Pipeline->Illuminate\\Pipeline\\{closure}(Object(Illuminate\\Http\\Request))
#33 C:\\xampp\\htdocs\\worketic-11\\codecanyon-23712284-worketic-market-place-for-freelancers\\worketic\\vendor\\laravel\\framework\\src\\Illuminate\\Pipeline\\Pipeline.php(104): Illuminate\\Routing\\Pipeline->Illuminate\\Routing\\{closure}(Object(Illuminate\\Http\\Request))
#34 C:\\xampp\\htdocs\\worketic-11\\codecanyon-23712284-worketic-market-place-for-freelancers\\worketic\\vendor\\laravel\\framework\\src\\Illuminate\\Foundation\\Http\\Kernel.php(151): Illuminate\\Pipeline\\Pipeline->then(Object(Closure))
#35 C:\\xampp\\htdocs\\worketic-11\\codecanyon-23712284-worketic-market-place-for-freelancers\\worketic\\vendor\\laravel\\framework\\src\\Illuminate\\Foundation\\Http\\Kernel.php(116): Illuminate\\Foundation\\Http\\Kernel->sendRequestThroughRouter(Object(Illuminate\\Http\\Request))
#36 C:\\xampp\\htdocs\\worketic-11\\codecanyon-23712284-worketic-market-place-for-freelancers\\worketic\\public\\index.php(55): Illuminate\\Foundation\\Http\\Kernel->handle(Object(Illuminate\\Http\\Request))
#37 C:\\xampp\\htdocs\\worketic-11\\codecanyon-23712284-worketic-market-place-for-freelancers\\worketic\\server.php(21): require_once('C:\\\\xampp\\\\htdocs...')
#38 {main}
"} 
[2020-03-27 19:33:55] local.ERROR: Call to a member function uri() on null (View: C:\xampp\htdocs\worketic-11\codecanyon-23712284-worketic-market-place-for-freelancers\worketic\resources\views\includes\header.blade.php) (View: C:\xampp\htdocs\worketic-11\codecanyon-23712284-worketic-market-place-for-freelancers\worketic\resources\views\includes\header.blade.php) (View: C:\xampp\htdocs\worketic-11\codecanyon-23712284-worketic-market-place-for-freelancers\worketic\resources\views\includes\header.blade.php) {"exception":"[object] (ErrorException(code: 0): Call to a member function uri() on null (View: C:\\xampp\\htdocs\\worketic-11\\codecanyon-23712284-worketic-market-place-for-freelancers\\worketic\esources\\views\\includes\\header.blade.php) (View: C:\\xampp\\htdocs\\worketic-11\\codecanyon-23712284-worketic-market-place-for-freelancers\\worketic\esources\\views\\includes\\header.blade.php) (View: C:\\xampp\\htdocs\\worketic-11\\codecanyon-23712284-worketic-market-place-for-freelancers\\worketic\esources\\views\\includes\\header.blade.php) at C:\\xampp\\htdocs\\worketic-11\\codecanyon-23712284-worketic-market-place-for-freelancers\\worketic\\storage\\framework\\views\\f6a68d4419193b344f2c29e0927cfa4e2dec2310.php:22, ErrorException(code: 0): Call to a member function uri() on null (View: C:\\xampp\\htdocs\\worketic-11\\codecanyon-23712284-worketic-market-place-for-freelancers\\worketic\esources\\views\\includes\\header.blade.php) (View: C:\\xampp\\htdocs\\worketic-11\\codecanyon-23712284-worketic-market-place-for-freelancers\\worketic\esources\\views\\includes\\header.blade.php) at C:\\xampp\\htdocs\\worketic-11\\codecanyon-23712284-worketic-market-place-for-freelancers\\worketic\\storage\\framework\\views\\f6a68d4419193b344f2c29e0927cfa4e2dec2310.php:22, ErrorException(code: 0): Call to a member function uri() on null (View: C:\\xampp\\htdocs\\worketic-11\\codecanyon-23712284-worketic-market-place-for-freelancers\\worketic\esources\\views\\includes\\header.blade.php) at C:\\xampp\\htdocs\\worketic-11\\codecanyon-23712284-worketic-market-place-for-freelancers\\worketic\\storage\\framework\\views\\f6a68d4419193b344f2c29e0927cfa4e2dec2310.php:22, Symfony\\Component\\Debug\\Exception\\FatalThrowableError(code: 0): Call to a member function uri() on null at C:\\xampp\\htdocs\\worketic-11\\codecanyon-23712284-worketic-market-place-for-freelancers\\worketic\\storage\\framework\\views\\f6a68d4419193b344f2c29e0927cfa4e2dec2310.php:22)
[stacktrace]
#0 C:\\xampp\\htdocs\\worketic-11\\codecanyon-23712284-worketic-market-place-for-freelancers\\worketic\\vendor\\laravel\\framework\\src\\Illuminate\\View\\Engines\\PhpEngine.php(45): Illuminate\\View\\Engines\\CompilerEngine->handleViewException(Object(ErrorException), 2)
#1 C:\\xampp\\htdocs\\worketic-11\\codecanyon-23712284-worketic-market-place-for-freelancers\\worketic\\vendor\\laravel\\framework\\src\\Illuminate\\View\\Engines\\CompilerEngine.php(59): Illuminate\\View\\Engines\\PhpEngine->evaluatePath('C:\\\\xampp\\\\htdocs...', Array)
#2 C:\\xampp\\htdocs\\worketic-11\\codecanyon-23712284-worketic-market-place-for-freelancers\\worketic\\vendor\\laravel\\framework\\src\\Illuminate\\View\\View.php(142): Illuminate\\View\\Engines\\CompilerEngine->get('C:\\\\xampp\\\\htdocs...', Array)
#3 C:\\xampp\\htdocs\\worketic-11\\codecanyon-23712284-worketic-market-place-for-freelancers\\worketic\\vendor\\laravel\\framework\\src\\Illuminate\\View\\View.php(125): Illuminate\\View\\View->getContents()
#4 C:\\xampp\\htdocs\\worketic-11\\codecanyon-23712284-worketic-market-place-for-freelancers\\worketic\\vendor\\laravel\\framework\\src\\Illuminate\\View\\View.php(90): Illuminate\\View\\View->renderContents()
#5 C:\\xampp\\htdocs\\worketic-11\\codecanyon-23712284-worketic-market-place-for-freelancers\\worketic\\vendor\\laravel\\framework\\src\\Illuminate\\Http\\Response.php(42): Illuminate\\View\\View->render()
#6 C:\\xampp\\htdocs\\worketic-11\\codecanyon-23712284-worketic-market-place-for-freelancers\\worketic\\vendor\\symfony\\http-foundation\\Response.php(202): Illuminate\\Http\\Response->setContent(Object(Illuminate\\View\\View))
#7 C:\\xampp\\htdocs\\worketic-11\\codecanyon-23712284-worketic-market-place-for-freelancers\\worketic\\vendor\\laravel\\framework\\src\\Illuminate\\Routing\\ResponseFactory.php(55): Symfony\\Component\\HttpFoundation\\Response->__construct(Object(Illuminate\\View\\View), 404, Array)
#8 C:\\xampp\\htdocs\\worketic-11\\codecanyon-23712284-worketic-market-place-for-freelancers\\worketic\\vendor\\laravel\\framework\\src\\Illuminate\\Routing\\ResponseFactory.php(81): Illuminate\\Routing\\ResponseFactory->make(Object(Illuminate\\View\\View), 404, Array)
#9 C:\\xampp\\htdocs\\worketic-11\\codecanyon-23712284-worketic-market-place-for-freelancers\\worketic\\vendor\\laravel\\framework\\src\\Illuminate\\Foundation\\Exceptions\\Handler.php(380): Illuminate\\Routing\\ResponseFactory->view('errors::404', Array, 404, Array)
#10 C:\\xampp\\htdocs\\worketic-11\\codecanyon-23712284-worketic-market-place-for-freelancers\\worketic\\vendor\\laravel\\framework\\src\\Illuminate\\Foundation\\Exceptions\\Handler.php(289): Illuminate\\Foundation\\Exceptions\\Handler->renderHttpException(Object(Symfony\\Component\\HttpKernel\\Exception\\NotFoundHttpException))
#11 C:\\xampp\\htdocs\\worketic-11\\codecanyon-23712284-worketic-market-place-for-freelancers\\worketic\\vendor\\laravel\\framework\\src\\Illuminate\\Foundation\\Exceptions\\Handler.php(188): Illuminate\\Foundation\\Exceptions\\Handler->prepareResponse(Object(Illuminate\\Http\\Request), Object(Symfony\\Component\\HttpKernel\\Exception\\NotFoundHttpException))
#12 C:\\xampp\\htdocs\\worketic-11\\codecanyon-23712284-worketic-market-place-for-freelancers\\worketic\\app\\Exceptions\\Handler.php(52): Illuminate\\Foundation\\Exceptions\\Handler->render(Object(Illuminate\\Http\\Request), Object(Symfony\\Component\\HttpKernel\\Exception\\NotFoundHttpException))
#13 C:\\xampp\\htdocs\\worketic-11\\codecanyon-23712284-worketic-market-place-for-freelancers\\worketic\\vendor\\laravel\\framework\\src\\Illuminate\\Routing\\Pipeline.php(83): App\\Exceptions\\Handler->render(Object(Illuminate\\Http\\Request), Object(Symfony\\Component\\HttpKernel\\Exception\\NotFoundHttpException))
#14 C:\\xampp\\htdocs\\worketic-11\\codecanyon-23712284-worketic-market-place-for-freelancers\\worketic\\vendor\\laravel\\framework\\src\\Illuminate\\Routing\\Pipeline.php(32): Illuminate\\Routing\\Pipeline->handleException(Object(Illuminate\\Http\\Request), Object(Symfony\\Component\\HttpKernel\\Exception\\NotFoundHttpException))
#15 C:\\xampp\\htdocs\\worketic-11\\codecanyon-23712284-worketic-market-place-for-freelancers\\worketic\\app\\Http\\Middleware\\HomeShortcodeMiddleware.php(74): Illuminate\\Routing\\Pipeline->Illuminate\\Routing\\{closure}(Object(Illuminate\\Http\\Request))
#16 C:\\xampp\\htdocs\\worketic-11\\codecanyon-23712284-worketic-market-place-for-freelancers\\worketic\\vendor\\laravel\\framework\\src\\Illuminate\\Pipeline\\Pipeline.php(163): App\\Http\\Middleware\\HomeShortcodeMiddleware->handle(Object(Illuminate\\Http\\Request), Object(Closure))
#17 C:\\xampp\\htdocs\\worketic-11\\codecanyon-23712284-worketic-market-place-for-freelancers\\worketic\\vendor\\laravel\\framework\\src\\Illuminate\\Routing\\Pipeline.php(53): Illuminate\\Pipeline\\Pipeline->Illuminate\\Pipeline\\{closure}(Object(Illuminate\\Http\\Request))
#18 C:\\xampp\\htdocs\\worketic-11\\codecanyon-23712284-worketic-market-place-for-freelancers\\worketic\\vendor\\fideloper\\proxy\\src\\TrustProxies.php(57): Illuminate\\Routing\\Pipeline->Illuminate\\Routing\\{closure}(Object(Illuminate\\Http\\Request))
#19 C:\\xampp\\htdocs\\worketic-11\\codecanyon-23712284-worketic-market-place-for-freelancers\\worketic\\vendor\\laravel\\framework\\src\\Illuminate\\Pipeline\\Pipeline.php(163): Fideloper\\Proxy\\TrustProxies->handle(Object(Illuminate\\Http\\Request), Object(Closure))
#20 C:\\xampp\\htdocs\\worketic-11\\codecanyon-23712284-worketic-market-place-for-freelancers\\worketic\\vendor\\laravel\\framework\\src\\Illuminate\\Routing\\Pipeline.php(53): Illuminate\\Pipeline\\Pipeline->Illuminate\\Pipeline\\{closure}(Object(Illuminate\\Http\\Request))
#21 C:\\xampp\\htdocs\\worketic-11\\codecanyon-23712284-worketic-market-place-for-freelancers\\worketic\\vendor\\laravel\\framework\\src\\Illuminate\\Foundation\\Http\\Middleware\\TransformsRequest.php(31): Illuminate\\Routing\\Pipeline->Illuminate\\Routing\\{closure}(Object(Illuminate\\Http\\Request))
#22 C:\\xampp\\htdocs\\worketic-11\\codecanyon-23712284-worketic-market-place-for-freelancers\\worketic\\vendor\\laravel\\framework\\src\\Illuminate\\Pipeline\\Pipeline.php(163): Illuminate\\Foundation\\Http\\Middleware\\TransformsRequest->handle(Object(Illuminate\\Http\\Request), Object(Closure))
#23 C:\\xampp\\htdocs\\worketic-11\\codecanyon-23712284-worketic-market-place-for-freelancers\\worketic\\vendor\\laravel\\framework\\src\\Illuminate\\Routing\\Pipeline.php(53): Illuminate\\Pipeline\\Pipeline->Illuminate\\Pipeline\\{closure}(Object(Illuminate\\Http\\Request))
#24 C:\\xampp\\htdocs\\worketic-11\\codecanyon-23712284-worketic-market-place-for-freelancers\\worketic\\vendor\\laravel\\framework\\src\\Illuminate\\Foundation\\Http\\Middleware\\TransformsRequest.php(31): Illuminate\\Routing\\Pipeline->Illuminate\\Routing\\{closure}(Object(Illuminate\\Http\\Request))
#25 C:\\xampp\\htdocs\\worketic-11\\codecanyon-23712284-worketic-market-place-for-freelancers\\worketic\\vendor\\laravel\\framework\\src\\Illuminate\\Pipeline\\Pipeline.php(163): Illuminate\\Foundation\\Http\\Middleware\\TransformsRequest->handle(Object(Illuminate\\Http\\Request), Object(Closure))
#26 C:\\xampp\\htdocs\\worketic-11\\codecanyon-23712284-worketic-market-place-for-freelancers\\worketic\\vendor\\laravel\\framework\\src\\Illuminate\\Routing\\Pipeline.php(53): Illuminate\\Pipeline\\Pipeline->Illuminate\\Pipeline\\{closure}(Object(Illuminate\\Http\\Request))
#27 C:\\xampp\\htdocs\\worketic-11\\codecanyon-23712284-worketic-market-place-for-freelancers\\worketic\\vendor\\laravel\\framework\\src\\Illuminate\\Foundation\\Http\\Middleware\\ValidatePostSize.php(27): Illuminate\\Routing\\Pipeline->Illuminate\\Routing\\{closure}(Object(Illuminate\\Http\\Request))
#28 C:\\xampp\\htdocs\\worketic-11\\codecanyon-23712284-worketic-market-place-for-freelancers\\worketic\\vendor\\laravel\\framework\\src\\Illuminate\\Pipeline\\Pipeline.php(163): Illuminate\\Foundation\\Http\\Middleware\\ValidatePostSize->handle(Object(Illuminate\\Http\\Request), Object(Closure))
#29 C:\\xampp\\htdocs\\worketic-11\\codecanyon-23712284-worketic-market-place-for-freelancers\\worketic\\vendor\\laravel\\framework\\src\\Illuminate\\Routing\\Pipeline.php(53): Illuminate\\Pipeline\\Pipeline->Illuminate\\Pipeline\\{closure}(Object(Illuminate\\Http\\Request))
#30 C:\\xampp\\htdocs\\worketic-11\\codecanyon-23712284-worketic-market-place-for-freelancers\\worketic\\vendor\\laravel\\framework\\src\\Illuminate\\Foundation\\Http\\Middleware\\CheckForMaintenanceMode.php(62): Illuminate\\Routing\\Pipeline->Illuminate\\Routing\\{closure}(Object(Illuminate\\Http\\Request))
#31 C:\\xampp\\htdocs\\worketic-11\\codecanyon-23712284-worketic-market-place-for-freelancers\\worketic\\vendor\\laravel\\framework\\src\\Illuminate\\Pipeline\\Pipeline.php(163): Illuminate\\Foundation\\Http\\Middleware\\CheckForMaintenanceMode->handle(Object(Illuminate\\Http\\Request), Object(Closure))
#32 C:\\xampp\\htdocs\\worketic-11\\codecanyon-23712284-worketic-market-place-for-freelancers\\worketic\\vendor\\laravel\\framework\\src\\Illuminate\\Routing\\Pipeline.php(53): Illuminate\\Pipeline\\Pipeline->Illuminate\\Pipeline\\{closure}(Object(Illuminate\\Http\\Request))
#33 C:\\xampp\\htdocs\\worketic-11\\codecanyon-23712284-worketic-market-place-for-freelancers\\worketic\\vendor\\laravel\\framework\\src\\Illuminate\\Pipeline\\Pipeline.php(104): Illuminate\\Routing\\Pipeline->Illuminate\\Routing\\{closure}(Object(Illuminate\\Http\\Request))
#34 C:\\xampp\\htdocs\\worketic-11\\codecanyon-23712284-worketic-market-place-for-freelancers\\worketic\\vendor\\laravel\\framework\\src\\Illuminate\\Foundation\\Http\\Kernel.php(151): Illuminate\\Pipeline\\Pipeline->then(Object(Closure))
#35 C:\\xampp\\htdocs\\worketic-11\\codecanyon-23712284-worketic-market-place-for-freelancers\\worketic\\vendor\\laravel\\framework\\src\\Illuminate\\Foundation\\Http\\Kernel.php(116): Illuminate\\Foundation\\Http\\Kernel->sendRequestThroughRouter(Object(Illuminate\\Http\\Request))
#36 C:\\xampp\\htdocs\\worketic-11\\codecanyon-23712284-worketic-market-place-for-freelancers\\worketic\\public\\index.php(55): Illuminate\\Foundation\\Http\\Kernel->handle(Object(Illuminate\\Http\\Request))
#37 C:\\xampp\\htdocs\\worketic-11\\codecanyon-23712284-worketic-market-place-for-freelancers\\worketic\\server.php(21): require_once('C:\\\\xampp\\\\htdocs...')
#38 {main}
"} 
[2020-03-27 19:33:55] local.ERROR: Call to a member function uri() on null (View: C:\xampp\htdocs\worketic-11\codecanyon-23712284-worketic-market-place-for-freelancers\worketic\resources\views\includes\header.blade.php) (View: C:\xampp\htdocs\worketic-11\codecanyon-23712284-worketic-market-place-for-freelancers\worketic\resources\views\includes\header.blade.php) (View: C:\xampp\htdocs\worketic-11\codecanyon-23712284-worketic-market-place-for-freelancers\worketic\resources\views\includes\header.blade.php) {"exception":"[object] (ErrorException(code: 0): Call to a member function uri() on null (View: C:\\xampp\\htdocs\\worketic-11\\codecanyon-23712284-worketic-market-place-for-freelancers\\worketic\esources\\views\\includes\\header.blade.php) (View: C:\\xampp\\htdocs\\worketic-11\\codecanyon-23712284-worketic-market-place-for-freelancers\\worketic\esources\\views\\includes\\header.blade.php) (View: C:\\xampp\\htdocs\\worketic-11\\codecanyon-23712284-worketic-market-place-for-freelancers\\worketic\esources\\views\\includes\\header.blade.php) at C:\\xampp\\htdocs\\worketic-11\\codecanyon-23712284-worketic-market-place-for-freelancers\\worketic\\storage\\framework\\views\\f6a68d4419193b344f2c29e0927cfa4e2dec2310.php:22, ErrorException(code: 0): Call to a member function uri() on null (View: C:\\xampp\\htdocs\\worketic-11\\codecanyon-23712284-worketic-market-place-for-freelancers\\worketic\esources\\views\\includes\\header.blade.php) (View: C:\\xampp\\htdocs\\worketic-11\\codecanyon-23712284-worketic-market-place-for-freelancers\\worketic\esources\\views\\includes\\header.blade.php) at C:\\xampp\\htdocs\\worketic-11\\codecanyon-23712284-worketic-market-place-for-freelancers\\worketic\\storage\\framework\\views\\f6a68d4419193b344f2c29e0927cfa4e2dec2310.php:22, ErrorException(code: 0): Call to a member function uri() on null (View: C:\\xampp\\htdocs\\worketic-11\\codecanyon-23712284-worketic-market-place-for-freelancers\\worketic\esources\\views\\includes\\header.blade.php) at C:\\xampp\\htdocs\\worketic-11\\codecanyon-23712284-worketic-market-place-for-freelancers\\worketic\\storage\\framework\\views\\f6a68d4419193b344f2c29e0927cfa4e2dec2310.php:22, Symfony\\Component\\Debug\\Exception\\FatalThrowableError(code: 0): Call to a member function uri() on null at C:\\xampp\\htdocs\\worketic-11\\codecanyon-23712284-worketic-market-place-for-freelancers\\worketic\\storage\\framework\\views\\f6a68d4419193b344f2c29e0927cfa4e2dec2310.php:22)
[stacktrace]
#0 C:\\xampp\\htdocs\\worketic-11\\codecanyon-23712284-worketic-market-place-for-freelancers\\worketic\\vendor\\laravel\\framework\\src\\Illuminate\\View\\Engines\\PhpEngine.php(45): Illuminate\\View\\Engines\\CompilerEngine->handleViewException(Object(ErrorException), 2)
#1 C:\\xampp\\htdocs\\worketic-11\\codecanyon-23712284-worketic-market-place-for-freelancers\\worketic\\vendor\\laravel\\framework\\src\\Illuminate\\View\\Engines\\CompilerEngine.php(59): Illuminate\\View\\Engines\\PhpEngine->evaluatePath('C:\\\\xampp\\\\htdocs...', Array)
#2 C:\\xampp\\htdocs\\worketic-11\\codecanyon-23712284-worketic-market-place-for-freelancers\\worketic\\vendor\\laravel\\framework\\src\\Illuminate\\View\\View.php(142): Illuminate\\View\\Engines\\CompilerEngine->get('C:\\\\xampp\\\\htdocs...', Array)
#3 C:\\xampp\\htdocs\\worketic-11\\codecanyon-23712284-worketic-market-place-for-freelancers\\worketic\\vendor\\laravel\\framework\\src\\Illuminate\\View\\View.php(125): Illuminate\\View\\View->getContents()
#4 C:\\xampp\\htdocs\\worketic-11\\codecanyon-23712284-worketic-market-place-for-freelancers\\worketic\\vendor\\laravel\\framework\\src\\Illuminate\\View\\View.php(90): Illuminate\\View\\View->renderContents()
#5 C:\\xampp\\htdocs\\worketic-11\\codecanyon-23712284-worketic-market-place-for-freelancers\\worketic\\vendor\\laravel\\framework\\src\\Illuminate\\Http\\Response.php(42): Illuminate\\View\\View->render()
#6 C:\\xampp\\htdocs\\worketic-11\\codecanyon-23712284-worketic-market-place-for-freelancers\\worketic\\vendor\\symfony\\http-foundation\\Response.php(202): Illuminate\\Http\\Response->setContent(Object(Illuminate\\View\\View))
#7 C:\\xampp\\htdocs\\worketic-11\\codecanyon-23712284-worketic-market-place-for-freelancers\\worketic\\vendor\\laravel\\framework\\src\\Illuminate\\Routing\\ResponseFactory.php(55): Symfony\\Component\\HttpFoundation\\Response->__construct(Object(Illuminate\\View\\View), 404, Array)
#8 C:\\xampp\\htdocs\\worketic-11\\codecanyon-23712284-worketic-market-place-for-freelancers\\worketic\\vendor\\laravel\\framework\\src\\Illuminate\\Routing\\ResponseFactory.php(81): Illuminate\\Routing\\ResponseFactory->make(Object(Illuminate\\View\\View), 404, Array)
#9 C:\\xampp\\htdocs\\worketic-11\\codecanyon-23712284-worketic-market-place-for-freelancers\\worketic\\vendor\\laravel\\framework\\src\\Illuminate\\Foundation\\Exceptions\\Handler.php(380): Illuminate\\Routing\\ResponseFactory->view('errors::404', Array, 404, Array)
#10 C:\\xampp\\htdocs\\worketic-11\\codecanyon-23712284-worketic-market-place-for-freelancers\\worketic\\vendor\\laravel\\framework\\src\\Illuminate\\Foundation\\Exceptions\\Handler.php(289): Illuminate\\Foundation\\Exceptions\\Handler->renderHttpException(Object(Symfony\\Component\\HttpKernel\\Exception\\NotFoundHttpException))
#11 C:\\xampp\\htdocs\\worketic-11\\codecanyon-23712284-worketic-market-place-for-freelancers\\worketic\\vendor\\laravel\\framework\\src\\Illuminate\\Foundation\\Exceptions\\Handler.php(188): Illuminate\\Foundation\\Exceptions\\Handler->prepareResponse(Object(Illuminate\\Http\\Request), Object(Symfony\\Component\\HttpKernel\\Exception\\NotFoundHttpException))
#12 C:\\xampp\\htdocs\\worketic-11\\codecanyon-23712284-worketic-market-place-for-freelancers\\worketic\\app\\Exceptions\\Handler.php(52): Illuminate\\Foundation\\Exceptions\\Handler->render(Object(Illuminate\\Http\\Request), Object(Symfony\\Component\\HttpKernel\\Exception\\NotFoundHttpException))
#13 C:\\xampp\\htdocs\\worketic-11\\codecanyon-23712284-worketic-market-place-for-freelancers\\worketic\\vendor\\laravel\\framework\\src\\Illuminate\\Routing\\Pipeline.php(83): App\\Exceptions\\Handler->render(Object(Illuminate\\Http\\Request), Object(Symfony\\Component\\HttpKernel\\Exception\\NotFoundHttpException))
#14 C:\\xampp\\htdocs\\worketic-11\\codecanyon-23712284-worketic-market-place-for-freelancers\\worketic\\vendor\\laravel\\framework\\src\\Illuminate\\Routing\\Pipeline.php(32): Illuminate\\Routing\\Pipeline->handleException(Object(Illuminate\\Http\\Request), Object(Symfony\\Component\\HttpKernel\\Exception\\NotFoundHttpException))
#15 C:\\xampp\\htdocs\\worketic-11\\codecanyon-23712284-worketic-market-place-for-freelancers\\worketic\\app\\Http\\Middleware\\HomeShortcodeMiddleware.php(74): Illuminate\\Routing\\Pipeline->Illuminate\\Routing\\{closure}(Object(Illuminate\\Http\\Request))
#16 C:\\xampp\\htdocs\\worketic-11\\codecanyon-23712284-worketic-market-place-for-freelancers\\worketic\\vendor\\laravel\\framework\\src\\Illuminate\\Pipeline\\Pipeline.php(163): App\\Http\\Middleware\\HomeShortcodeMiddleware->handle(Object(Illuminate\\Http\\Request), Object(Closure))
#17 C:\\xampp\\htdocs\\worketic-11\\codecanyon-23712284-worketic-market-place-for-freelancers\\worketic\\vendor\\laravel\\framework\\src\\Illuminate\\Routing\\Pipeline.php(53): Illuminate\\Pipeline\\Pipeline->Illuminate\\Pipeline\\{closure}(Object(Illuminate\\Http\\Request))
#18 C:\\xampp\\htdocs\\worketic-11\\codecanyon-23712284-worketic-market-place-for-freelancers\\worketic\\vendor\\fideloper\\proxy\\src\\TrustProxies.php(57): Illuminate\\Routing\\Pipeline->Illuminate\\Routing\\{closure}(Object(Illuminate\\Http\\Request))
#19 C:\\xampp\\htdocs\\worketic-11\\codecanyon-23712284-worketic-market-place-for-freelancers\\worketic\\vendor\\laravel\\framework\\src\\Illuminate\\Pipeline\\Pipeline.php(163): Fideloper\\Proxy\\TrustProxies->handle(Object(Illuminate\\Http\\Request), Object(Closure))
#20 C:\\xampp\\htdocs\\worketic-11\\codecanyon-23712284-worketic-market-place-for-freelancers\\worketic\\vendor\\laravel\\framework\\src\\Illuminate\\Routing\\Pipeline.php(53): Illuminate\\Pipeline\\Pipeline->Illuminate\\Pipeline\\{closure}(Object(Illuminate\\Http\\Request))
#21 C:\\xampp\\htdocs\\worketic-11\\codecanyon-23712284-worketic-market-place-for-freelancers\\worketic\\vendor\\laravel\\framework\\src\\Illuminate\\Foundation\\Http\\Middleware\\TransformsRequest.php(31): Illuminate\\Routing\\Pipeline->Illuminate\\Routing\\{closure}(Object(Illuminate\\Http\\Request))
#22 C:\\xampp\\htdocs\\worketic-11\\codecanyon-23712284-worketic-market-place-for-freelancers\\worketic\\vendor\\laravel\\framework\\src\\Illuminate\\Pipeline\\Pipeline.php(163): Illuminate\\Foundation\\Http\\Middleware\\TransformsRequest->handle(Object(Illuminate\\Http\\Request), Object(Closure))
#23 C:\\xampp\\htdocs\\worketic-11\\codecanyon-23712284-worketic-market-place-for-freelancers\\worketic\\vendor\\laravel\\framework\\src\\Illuminate\\Routing\\Pipeline.php(53): Illuminate\\Pipeline\\Pipeline->Illuminate\\Pipeline\\{closure}(Object(Illuminate\\Http\\Request))
#24 C:\\xampp\\htdocs\\worketic-11\\codecanyon-23712284-worketic-market-place-for-freelancers\\worketic\\vendor\\laravel\\framework\\src\\Illuminate\\Foundation\\Http\\Middleware\\TransformsRequest.php(31): Illuminate\\Routing\\Pipeline->Illuminate\\Routing\\{closure}(Object(Illuminate\\Http\\Request))
#25 C:\\xampp\\htdocs\\worketic-11\\codecanyon-23712284-worketic-market-place-for-freelancers\\worketic\\vendor\\laravel\\framework\\src\\Illuminate\\Pipeline\\Pipeline.php(163): Illuminate\\Foundation\\Http\\Middleware\\TransformsRequest->handle(Object(Illuminate\\Http\\Request), Object(Closure))
#26 C:\\xampp\\htdocs\\worketic-11\\codecanyon-23712284-worketic-market-place-for-freelancers\\worketic\\vendor\\laravel\\framework\\src\\Illuminate\\Routing\\Pipeline.php(53): Illuminate\\Pipeline\\Pipeline->Illuminate\\Pipeline\\{closure}(Object(Illuminate\\Http\\Request))
#27 C:\\xampp\\htdocs\\worketic-11\\codecanyon-23712284-worketic-market-place-for-freelancers\\worketic\\vendor\\laravel\\framework\\src\\Illuminate\\Foundation\\Http\\Middleware\\ValidatePostSize.php(27): Illuminate\\Routing\\Pipeline->Illuminate\\Routing\\{closure}(Object(Illuminate\\Http\\Request))
#28 C:\\xampp\\htdocs\\worketic-11\\codecanyon-23712284-worketic-market-place-for-freelancers\\worketic\\vendor\\laravel\\framework\\src\\Illuminate\\Pipeline\\Pipeline.php(163): Illuminate\\Foundation\\Http\\Middleware\\ValidatePostSize->handle(Object(Illuminate\\Http\\Request), Object(Closure))
#29 C:\\xampp\\htdocs\\worketic-11\\codecanyon-23712284-worketic-market-place-for-freelancers\\worketic\\vendor\\laravel\\framework\\src\\Illuminate\\Routing\\Pipeline.php(53): Illuminate\\Pipeline\\Pipeline->Illuminate\\Pipeline\\{closure}(Object(Illuminate\\Http\\Request))
#30 C:\\xampp\\htdocs\\worketic-11\\codecanyon-23712284-worketic-market-place-for-freelancers\\worketic\\vendor\\laravel\\framework\\src\\Illuminate\\Foundation\\Http\\Middleware\\CheckForMaintenanceMode.php(62): Illuminate\\Routing\\Pipeline->Illuminate\\Routing\\{closure}(Object(Illuminate\\Http\\Request))
#31 C:\\xampp\\htdocs\\worketic-11\\codecanyon-23712284-worketic-market-place-for-freelancers\\worketic\\vendor\\laravel\\framework\\src\\Illuminate\\Pipeline\\Pipeline.php(163): Illuminate\\Foundation\\Http\\Middleware\\CheckForMaintenanceMode->handle(Object(Illuminate\\Http\\Request), Object(Closure))
#32 C:\\xampp\\htdocs\\worketic-11\\codecanyon-23712284-worketic-market-place-for-freelancers\\worketic\\vendor\\laravel\\framework\\src\\Illuminate\\Routing\\Pipeline.php(53): Illuminate\\Pipeline\\Pipeline->Illuminate\\Pipeline\\{closure}(Object(Illuminate\\Http\\Request))
#33 C:\\xampp\\htdocs\\worketic-11\\codecanyon-23712284-worketic-market-place-for-freelancers\\worketic\\vendor\\laravel\\framework\\src\\Illuminate\\Pipeline\\Pipeline.php(104): Illuminate\\Routing\\Pipeline->Illuminate\\Routing\\{closure}(Object(Illuminate\\Http\\Request))
#34 C:\\xampp\\htdocs\\worketic-11\\codecanyon-23712284-worketic-market-place-for-freelancers\\worketic\\vendor\\laravel\\framework\\src\\Illuminate\\Foundation\\Http\\Kernel.php(151): Illuminate\\Pipeline\\Pipeline->then(Object(Closure))
#35 C:\\xampp\\htdocs\\worketic-11\\codecanyon-23712284-worketic-market-place-for-freelancers\\worketic\\vendor\\laravel\\framework\\src\\Illuminate\\Foundation\\Http\\Kernel.php(116): Illuminate\\Foundation\\Http\\Kernel->sendRequestThroughRouter(Object(Illuminate\\Http\\Request))
#36 C:\\xampp\\htdocs\\worketic-11\\codecanyon-23712284-worketic-market-place-for-freelancers\\worketic\\public\\index.php(55): Illuminate\\Foundation\\Http\\Kernel->handle(Object(Illuminate\\Http\\Request))
#37 C:\\xampp\\htdocs\\worketic-11\\codecanyon-23712284-worketic-market-place-for-freelancers\\worketic\\server.php(21): require_once('C:\\\\xampp\\\\htdocs...')
#38 {main}
"} 
[2020-03-27 19:33:56] local.ERROR: Call to a member function uri() on null (View: C:\xampp\htdocs\worketic-11\codecanyon-23712284-worketic-market-place-for-freelancers\worketic\resources\views\includes\header.blade.php) (View: C:\xampp\htdocs\worketic-11\codecanyon-23712284-worketic-market-place-for-freelancers\worketic\resources\views\includes\header.blade.php) (View: C:\xampp\htdocs\worketic-11\codecanyon-23712284-worketic-market-place-for-freelancers\worketic\resources\views\includes\header.blade.php) {"exception":"[object] (ErrorException(code: 0): Call to a member function uri() on null (View: C:\\xampp\\htdocs\\worketic-11\\codecanyon-23712284-worketic-market-place-for-freelancers\\worketic\esources\\views\\includes\\header.blade.php) (View: C:\\xampp\\htdocs\\worketic-11\\codecanyon-23712284-worketic-market-place-for-freelancers\\worketic\esources\\views\\includes\\header.blade.php) (View: C:\\xampp\\htdocs\\worketic-11\\codecanyon-23712284-worketic-market-place-for-freelancers\\worketic\esources\\views\\includes\\header.blade.php) at C:\\xampp\\htdocs\\worketic-11\\codecanyon-23712284-worketic-market-place-for-freelancers\\worketic\\storage\\framework\\views\\f6a68d4419193b344f2c29e0927cfa4e2dec2310.php:22, ErrorException(code: 0): Call to a member function uri() on null (View: C:\\xampp\\htdocs\\worketic-11\\codecanyon-23712284-worketic-market-place-for-freelancers\\worketic\esources\\views\\includes\\header.blade.php) (View: C:\\xampp\\htdocs\\worketic-11\\codecanyon-23712284-worketic-market-place-for-freelancers\\worketic\esources\\views\\includes\\header.blade.php) at C:\\xampp\\htdocs\\worketic-11\\codecanyon-23712284-worketic-market-place-for-freelancers\\worketic\\storage\\framework\\views\\f6a68d4419193b344f2c29e0927cfa4e2dec2310.php:22, ErrorException(code: 0): Call to a member function uri() on null (View: C:\\xampp\\htdocs\\worketic-11\\codecanyon-23712284-worketic-market-place-for-freelancers\\worketic\esources\\views\\includes\\header.blade.php) at C:\\xampp\\htdocs\\worketic-11\\codecanyon-23712284-worketic-market-place-for-freelancers\\worketic\\storage\\framework\\views\\f6a68d4419193b344f2c29e0927cfa4e2dec2310.php:22, Symfony\\Component\\Debug\\Exception\\FatalThrowableError(code: 0): Call to a member function uri() on null at C:\\xampp\\htdocs\\worketic-11\\codecanyon-23712284-worketic-market-place-for-freelancers\\worketic\\storage\\framework\\views\\f6a68d4419193b344f2c29e0927cfa4e2dec2310.php:22)
[stacktrace]
#0 C:\\xampp\\htdocs\\worketic-11\\codecanyon-23712284-worketic-market-place-for-freelancers\\worketic\\vendor\\laravel\\framework\\src\\Illuminate\\View\\Engines\\PhpEngine.php(45): Illuminate\\View\\Engines\\CompilerEngine->handleViewException(Object(ErrorException), 2)
#1 C:\\xampp\\htdocs\\worketic-11\\codecanyon-23712284-worketic-market-place-for-freelancers\\worketic\\vendor\\laravel\\framework\\src\\Illuminate\\View\\Engines\\CompilerEngine.php(59): Illuminate\\View\\Engines\\PhpEngine->evaluatePath('C:\\\\xampp\\\\htdocs...', Array)
#2 C:\\xampp\\htdocs\\worketic-11\\codecanyon-23712284-worketic-market-place-for-freelancers\\worketic\\vendor\\laravel\\framework\\src\\Illuminate\\View\\View.php(142): Illuminate\\View\\Engines\\CompilerEngine->get('C:\\\\xampp\\\\htdocs...', Array)
#3 C:\\xampp\\htdocs\\worketic-11\\codecanyon-23712284-worketic-market-place-for-freelancers\\worketic\\vendor\\laravel\\framework\\src\\Illuminate\\View\\View.php(125): Illuminate\\View\\View->getContents()
#4 C:\\xampp\\htdocs\\worketic-11\\codecanyon-23712284-worketic-market-place-for-freelancers\\worketic\\vendor\\laravel\\framework\\src\\Illuminate\\View\\View.php(90): Illuminate\\View\\View->renderContents()
#5 C:\\xampp\\htdocs\\worketic-11\\codecanyon-23712284-worketic-market-place-for-freelancers\\worketic\\vendor\\laravel\\framework\\src\\Illuminate\\Http\\Response.php(42): Illuminate\\View\\View->render()
#6 C:\\xampp\\htdocs\\worketic-11\\codecanyon-23712284-worketic-market-place-for-freelancers\\worketic\\vendor\\symfony\\http-foundation\\Response.php(202): Illuminate\\Http\\Response->setContent(Object(Illuminate\\View\\View))
#7 C:\\xampp\\htdocs\\worketic-11\\codecanyon-23712284-worketic-market-place-for-freelancers\\worketic\\vendor\\laravel\\framework\\src\\Illuminate\\Routing\\ResponseFactory.php(55): Symfony\\Component\\HttpFoundation\\Response->__construct(Object(Illuminate\\View\\View), 404, Array)
#8 C:\\xampp\\htdocs\\worketic-11\\codecanyon-23712284-worketic-market-place-for-freelancers\\worketic\\vendor\\laravel\\framework\\src\\Illuminate\\Routing\\ResponseFactory.php(81): Illuminate\\Routing\\ResponseFactory->make(Object(Illuminate\\View\\View), 404, Array)
#9 C:\\xampp\\htdocs\\worketic-11\\codecanyon-23712284-worketic-market-place-for-freelancers\\worketic\\vendor\\laravel\\framework\\src\\Illuminate\\Foundation\\Exceptions\\Handler.php(380): Illuminate\\Routing\\ResponseFactory->view('errors::404', Array, 404, Array)
#10 C:\\xampp\\htdocs\\worketic-11\\codecanyon-23712284-worketic-market-place-for-freelancers\\worketic\\vendor\\laravel\\framework\\src\\Illuminate\\Foundation\\Exceptions\\Handler.php(289): Illuminate\\Foundation\\Exceptions\\Handler->renderHttpException(Object(Symfony\\Component\\HttpKernel\\Exception\\NotFoundHttpException))
#11 C:\\xampp\\htdocs\\worketic-11\\codecanyon-23712284-worketic-market-place-for-freelancers\\worketic\\vendor\\laravel\\framework\\src\\Illuminate\\Foundation\\Exceptions\\Handler.php(188): Illuminate\\Foundation\\Exceptions\\Handler->prepareResponse(Object(Illuminate\\Http\\Request), Object(Symfony\\Component\\HttpKernel\\Exception\\NotFoundHttpException))
#12 C:\\xampp\\htdocs\\worketic-11\\codecanyon-23712284-worketic-market-place-for-freelancers\\worketic\\app\\Exceptions\\Handler.php(52): Illuminate\\Foundation\\Exceptions\\Handler->render(Object(Illuminate\\Http\\Request), Object(Symfony\\Component\\HttpKernel\\Exception\\NotFoundHttpException))
#13 C:\\xampp\\htdocs\\worketic-11\\codecanyon-23712284-worketic-market-place-for-freelancers\\worketic\\vendor\\laravel\\framework\\src\\Illuminate\\Routing\\Pipeline.php(83): App\\Exceptions\\Handler->render(Object(Illuminate\\Http\\Request), Object(Symfony\\Component\\HttpKernel\\Exception\\NotFoundHttpException))
#14 C:\\xampp\\htdocs\\worketic-11\\codecanyon-23712284-worketic-market-place-for-freelancers\\worketic\\vendor\\laravel\\framework\\src\\Illuminate\\Routing\\Pipeline.php(32): Illuminate\\Routing\\Pipeline->handleException(Object(Illuminate\\Http\\Request), Object(Symfony\\Component\\HttpKernel\\Exception\\NotFoundHttpException))
#15 C:\\xampp\\htdocs\\worketic-11\\codecanyon-23712284-worketic-market-place-for-freelancers\\worketic\\app\\Http\\Middleware\\HomeShortcodeMiddleware.php(74): Illuminate\\Routing\\Pipeline->Illuminate\\Routing\\{closure}(Object(Illuminate\\Http\\Request))
#16 C:\\xampp\\htdocs\\worketic-11\\codecanyon-23712284-worketic-market-place-for-freelancers\\worketic\\vendor\\laravel\\framework\\src\\Illuminate\\Pipeline\\Pipeline.php(163): App\\Http\\Middleware\\HomeShortcodeMiddleware->handle(Object(Illuminate\\Http\\Request), Object(Closure))
#17 C:\\xampp\\htdocs\\worketic-11\\codecanyon-23712284-worketic-market-place-for-freelancers\\worketic\\vendor\\laravel\\framework\\src\\Illuminate\\Routing\\Pipeline.php(53): Illuminate\\Pipeline\\Pipeline->Illuminate\\Pipeline\\{closure}(Object(Illuminate\\Http\\Request))
#18 C:\\xampp\\htdocs\\worketic-11\\codecanyon-23712284-worketic-market-place-for-freelancers\\worketic\\vendor\\fideloper\\proxy\\src\\TrustProxies.php(57): Illuminate\\Routing\\Pipeline->Illuminate\\Routing\\{closure}(Object(Illuminate\\Http\\Request))
#19 C:\\xampp\\htdocs\\worketic-11\\codecanyon-23712284-worketic-market-place-for-freelancers\\worketic\\vendor\\laravel\\framework\\src\\Illuminate\\Pipeline\\Pipeline.php(163): Fideloper\\Proxy\\TrustProxies->handle(Object(Illuminate\\Http\\Request), Object(Closure))
#20 C:\\xampp\\htdocs\\worketic-11\\codecanyon-23712284-worketic-market-place-for-freelancers\\worketic\\vendor\\laravel\\framework\\src\\Illuminate\\Routing\\Pipeline.php(53): Illuminate\\Pipeline\\Pipeline->Illuminate\\Pipeline\\{closure}(Object(Illuminate\\Http\\Request))
#21 C:\\xampp\\htdocs\\worketic-11\\codecanyon-23712284-worketic-market-place-for-freelancers\\worketic\\vendor\\laravel\\framework\\src\\Illuminate\\Foundation\\Http\\Middleware\\TransformsRequest.php(31): Illuminate\\Routing\\Pipeline->Illuminate\\Routing\\{closure}(Object(Illuminate\\Http\\Request))
#22 C:\\xampp\\htdocs\\worketic-11\\codecanyon-23712284-worketic-market-place-for-freelancers\\worketic\\vendor\\laravel\\framework\\src\\Illuminate\\Pipeline\\Pipeline.php(163): Illuminate\\Foundation\\Http\\Middleware\\TransformsRequest->handle(Object(Illuminate\\Http\\Request), Object(Closure))
#23 C:\\xampp\\htdocs\\worketic-11\\codecanyon-23712284-worketic-market-place-for-freelancers\\worketic\\vendor\\laravel\\framework\\src\\Illuminate\\Routing\\Pipeline.php(53): Illuminate\\Pipeline\\Pipeline->Illuminate\\Pipeline\\{closure}(Object(Illuminate\\Http\\Request))
#24 C:\\xampp\\htdocs\\worketic-11\\codecanyon-23712284-worketic-market-place-for-freelancers\\worketic\\vendor\\laravel\\framework\\src\\Illuminate\\Foundation\\Http\\Middleware\\TransformsRequest.php(31): Illuminate\\Routing\\Pipeline->Illuminate\\Routing\\{closure}(Object(Illuminate\\Http\\Request))
#25 C:\\xampp\\htdocs\\worketic-11\\codecanyon-23712284-worketic-market-place-for-freelancers\\worketic\\vendor\\laravel\\framework\\src\\Illuminate\\Pipeline\\Pipeline.php(163): Illuminate\\Foundation\\Http\\Middleware\\TransformsRequest->handle(Object(Illuminate\\Http\\Request), Object(Closure))
#26 C:\\xampp\\htdocs\\worketic-11\\codecanyon-23712284-worketic-market-place-for-freelancers\\worketic\\vendor\\laravel\\framework\\src\\Illuminate\\Routing\\Pipeline.php(53): Illuminate\\Pipeline\\Pipeline->Illuminate\\Pipeline\\{closure}(Object(Illuminate\\Http\\Request))
#27 C:\\xampp\\htdocs\\worketic-11\\codecanyon-23712284-worketic-market-place-for-freelancers\\worketic\\vendor\\laravel\\framework\\src\\Illuminate\\Foundation\\Http\\Middleware\\ValidatePostSize.php(27): Illuminate\\Routing\\Pipeline->Illuminate\\Routing\\{closure}(Object(Illuminate\\Http\\Request))
#28 C:\\xampp\\htdocs\\worketic-11\\codecanyon-23712284-worketic-market-place-for-freelancers\\worketic\\vendor\\laravel\\framework\\src\\Illuminate\\Pipeline\\Pipeline.php(163): Illuminate\\Foundation\\Http\\Middleware\\ValidatePostSize->handle(Object(Illuminate\\Http\\Request), Object(Closure))
#29 C:\\xampp\\htdocs\\worketic-11\\codecanyon-23712284-worketic-market-place-for-freelancers\\worketic\\vendor\\laravel\\framework\\src\\Illuminate\\Routing\\Pipeline.php(53): Illuminate\\Pipeline\\Pipeline->Illuminate\\Pipeline\\{closure}(Object(Illuminate\\Http\\Request))
#30 C:\\xampp\\htdocs\\worketic-11\\codecanyon-23712284-worketic-market-place-for-freelancers\\worketic\\vendor\\laravel\\framework\\src\\Illuminate\\Foundation\\Http\\Middleware\\CheckForMaintenanceMode.php(62): Illuminate\\Routing\\Pipeline->Illuminate\\Routing\\{closure}(Object(Illuminate\\Http\\Request))
#31 C:\\xampp\\htdocs\\worketic-11\\codecanyon-23712284-worketic-market-place-for-freelancers\\worketic\\vendor\\laravel\\framework\\src\\Illuminate\\Pipeline\\Pipeline.php(163): Illuminate\\Foundation\\Http\\Middleware\\CheckForMaintenanceMode->handle(Object(Illuminate\\Http\\Request), Object(Closure))
#32 C:\\xampp\\htdocs\\worketic-11\\codecanyon-23712284-worketic-market-place-for-freelancers\\worketic\\vendor\\laravel\\framework\\src\\Illuminate\\Routing\\Pipeline.php(53): Illuminate\\Pipeline\\Pipeline->Illuminate\\Pipeline\\{closure}(Object(Illuminate\\Http\\Request))
#33 C:\\xampp\\htdocs\\worketic-11\\codecanyon-23712284-worketic-market-place-for-freelancers\\worketic\\vendor\\laravel\\framework\\src\\Illuminate\\Pipeline\\Pipeline.php(104): Illuminate\\Routing\\Pipeline->Illuminate\\Routing\\{closure}(Object(Illuminate\\Http\\Request))
#34 C:\\xampp\\htdocs\\worketic-11\\codecanyon-23712284-worketic-market-place-for-freelancers\\worketic\\vendor\\laravel\\framework\\src\\Illuminate\\Foundation\\Http\\Kernel.php(151): Illuminate\\Pipeline\\Pipeline->then(Object(Closure))
#35 C:\\xampp\\htdocs\\worketic-11\\codecanyon-23712284-worketic-market-place-for-freelancers\\worketic\\vendor\\laravel\\framework\\src\\Illuminate\\Foundation\\Http\\Kernel.php(116): Illuminate\\Foundation\\Http\\Kernel->sendRequestThroughRouter(Object(Illuminate\\Http\\Request))
#36 C:\\xampp\\htdocs\\worketic-11\\codecanyon-23712284-worketic-market-place-for-freelancers\\worketic\\public\\index.php(55): Illuminate\\Foundation\\Http\\Kernel->handle(Object(Illuminate\\Http\\Request))
#37 C:\\xampp\\htdocs\\worketic-11\\codecanyon-23712284-worketic-market-place-for-freelancers\\worketic\\server.php(21): require_once('C:\\\\xampp\\\\htdocs...')
#38 {main}
"} 
